TN:
SF:/home/travis/build/CoorpAcademy/components/packages/@coorpacademy-app-forum/src/index.js
FN:8,(anonymous_0)
FN:8,(anonymous_1)
FN:11,(anonymous_2)
FN:18,(anonymous_3)
FN:28,(anonymous_4)
FN:39,(anonymous_5)
FN:40,(anonymous_6)
FNF:7
FNH:0
FNDA:0,(anonymous_0)
FNDA:0,(anonymous_1)
FNDA:0,(anonymous_2)
FNDA:0,(anonymous_3)
FNDA:0,(anonymous_4)
FNDA:0,(anonymous_5)
FNDA:0,(anonymous_6)
DA:8,1
DA:9,0
DA:11,0
DA:12,0
DA:13,0
DA:14,0
DA:18,1
DA:19,0
DA:21,0
DA:22,0
DA:24,0
DA:25,0
DA:27,0
DA:28,0
DA:29,0
DA:30,0
DA:31,0
DA:32,0
DA:36,0
DA:38,0
DA:39,0
DA:41,0
DA:42,0
LF:23
LH:2
BRDA:27,0,0,0
BRDA:27,0,1,0
BRF:2
BRH:0
end_of_record
TN:
SF:/home/travis/build/CoorpAcademy/components/packages/@coorpacademy-app-forum/src/actions/api-create-thread.js
FN:7,(anonymous_0)
FN:7,(anonymous_1)
FN:27,(anonymous_2)
FNF:3
FNH:0
FNDA:0,(anonymous_0)
FNDA:0,(anonymous_1)
FNDA:0,(anonymous_2)
DA:3,1
DA:4,1
DA:5,1
DA:7,1
DA:8,0
DA:9,0
DA:10,0
DA:27,0
LF:8
LH:4
BRF:0
BRH:0
end_of_record
TN:
SF:/home/travis/build/CoorpAcademy/components/packages/@coorpacademy-app-forum/src/actions/api-fetch-discussion.js
FN:7,(anonymous_0)
FN:7,(anonymous_1)
FN:24,(anonymous_2)
FNF:3
FNH:0
FNDA:0,(anonymous_0)
FNDA:0,(anonymous_1)
FNDA:0,(anonymous_2)
DA:3,1
DA:4,1
DA:5,1
DA:7,1
DA:8,0
DA:9,0
DA:11,0
DA:24,0
LF:8
LH:4
BRF:0
BRH:0
end_of_record
TN:
SF:/home/travis/build/CoorpAcademy/components/packages/@coorpacademy-app-forum/src/actions/ui-discussion.js
FN:4,(anonymous_0)
FN:11,(anonymous_1)
FNF:2
FNH:0
FNDA:0,(anonymous_0)
FNDA:0,(anonymous_1)
DA:1,1
DA:2,1
DA:4,1
DA:11,1
LF:4
LH:4
BRF:0
BRH:0
end_of_record
TN:
SF:/home/travis/build/CoorpAcademy/components/packages/@coorpacademy-app-forum/src/middlewares/index.js
FN:5,(anonymous_0)
FN:8,(anonymous_1)
FNF:2
FNH:0
FNDA:0,(anonymous_0)
FNDA:0,(anonymous_1)
DA:5,1
DA:6,0
DA:8,0
LF:3
LH:1
BRDA:8,0,0,0
BRDA:8,0,1,0
BRF:2
BRH:0
end_of_record
TN:
SF:/home/travis/build/CoorpAcademy/components/packages/@coorpacademy-app-forum/src/reducers/api.js
FN:7,(anonymous_0)
FN:15,(anonymous_1)
FNF:2
FNH:2
FNDA:2,(anonymous_0)
FNDA:2,(anonymous_1)
DA:7,1
DA:8,2
DA:9,0
DA:12,2
DA:15,1
DA:16,2
DA:17,0
DA:20,2
LF:8
LH:6
BRDA:7,0,0,2
BRDA:8,1,0,0
BRDA:8,1,1,2
BRDA:15,2,0,2
BRDA:16,3,0,0
BRDA:16,3,1,2
BRF:6
BRH:4
end_of_record
TN:
SF:/home/travis/build/CoorpAcademy/components/packages/@coorpacademy-app-forum/src/reducers/index.js
FN:5,(anonymous_0)
FNF:1
FNH:0
FNDA:0,(anonymous_0)
DA:5,1
DA:6,0
LF:2
LH:1
BRF:0
BRH:0
end_of_record
TN:
SF:/home/travis/build/CoorpAcademy/components/packages/@coorpacademy-app-forum/src/reducers/ui/discussion.js
FN:8,(anonymous_0)
FNF:1
FNH:1
FNDA:4,(anonymous_0)
DA:8,1
DA:9,4
DA:10,0
DA:11,0
DA:14,4
DA:15,0
DA:16,0
DA:19,4
LF:8
LH:4
BRDA:8,0,0,4
BRDA:9,1,0,0
BRDA:9,1,1,4
BRDA:14,2,0,0
BRDA:14,2,1,4
BRF:5
BRH:3
end_of_record
TN:
SF:/home/travis/build/CoorpAcademy/components/packages/@coorpacademy-app-forum/src/reducers/ui/index.js
FNF:0
FNH:0
LF:0
LH:0
BRF:0
BRH:0
end_of_record
TN:
SF:/home/travis/build/CoorpAcademy/components/packages/@coorpacademy-app-forum/src/views/index.js
FN:12,(anonymous_0)
FN:12,(anonymous_1)
FN:12,(anonymous_2)
FN:20,(anonymous_3)
FN:29,(anonymous_4)
FN:33,(anonymous_5)
FN:33,(anonymous_6)
FN:37,(anonymous_7)
FN:37,(anonymous_8)
FNF:9
FNH:0
FNDA:0,(anonymous_0)
FNDA:0,(anonymous_1)
FNDA:0,(anonymous_2)
FNDA:0,(anonymous_3)
FNDA:0,(anonymous_4)
FNDA:0,(anonymous_5)
FNDA:0,(anonymous_6)
FNDA:0,(anonymous_7)
FNDA:0,(anonymous_8)
DA:12,1
DA:13,0
DA:15,0
DA:21,0
DA:27,0
DA:29,0
DA:33,1
DA:37,1
DA:38,0
DA:40,0
LF:10
LH:3
BRDA:13,0,0,0
BRDA:13,0,1,0
BRF:2
BRH:0
end_of_record
TN:
SF:/home/travis/build/CoorpAcademy/components/packages/@coorpacademy-app-player/src/index.js
FN:8,(anonymous_0)
FN:8,(anonymous_1)
FN:12,(anonymous_2)
FN:19,(anonymous_3)
FN:44,(anonymous_4)
FN:45,(anonymous_5)
FNF:6
FNH:6
FNDA:1,(anonymous_0)
FNDA:1,(anonymous_1)
FNDA:2,(anonymous_2)
FNDA:1,(anonymous_3)
FNDA:1,(anonymous_4)
FNDA:1,(anonymous_5)
DA:8,1
DA:9,1
DA:10,1
DA:12,1
DA:13,2
DA:14,2
DA:15,2
DA:19,1
DA:20,1
DA:22,1
DA:24,1
DA:25,1
DA:28,1
DA:41,1
DA:43,1
DA:44,1
DA:46,1
DA:47,1
LF:18
LH:18
BRDA:28,0,0,1
BRF:1
BRH:1
end_of_record
TN:
SF:/home/travis/build/CoorpAcademy/components/packages/@coorpacademy-app-player/src/start.js
FN:3,(anonymous_0)
FNF:1
FNH:1
FNDA:1,(anonymous_0)
DA:3,1
DA:5,1
DA:9,1
LF:3
LH:3
BRDA:5,0,0,1
BRF:1
BRH:1
end_of_record
TN:
SF:/home/travis/build/CoorpAcademy/components/packages/@coorpacademy-app-player/src/actions/api/analytics.js
FN:8,(anonymous_0)
FN:8,(anonymous_1)
FN:19,(anonymous_2)
FNF:3
FNH:3
FNDA:1,(anonymous_0)
FNDA:1,(anonymous_1)
FNDA:1,(anonymous_2)
DA:4,6
DA:5,6
DA:6,6
DA:8,6
DA:9,1
DA:10,1
DA:11,1
DA:13,1
DA:19,1
DA:23,1
LF:10
LH:10
BRF:0
BRH:0
end_of_record
TN:
SF:/home/travis/build/CoorpAcademy/components/packages/@coorpacademy-app-player/src/actions/api/answers.js
FN:7,(anonymous_0)
FN:7,(anonymous_1)
FN:15,(anonymous_2)
FNF:3
FNH:3
FNDA:5,(anonymous_0)
FNDA:5,(anonymous_1)
FNDA:5,(anonymous_2)
DA:3,12
DA:4,12
DA:5,12
DA:7,12
DA:12,5
DA:13,5
DA:15,5
DA:18,5
LF:8
LH:8
BRF:0
BRH:0
end_of_record
TN:
SF:/home/travis/build/CoorpAcademy/components/packages/@coorpacademy-app-player/src/actions/api/chapters.js
FN:8,(anonymous_0)
FN:8,(anonymous_1)
FN:13,(anonymous_2)
FNF:3
FNH:3
FNDA:6,(anonymous_0)
FNDA:6,(anonymous_1)
FNDA:5,(anonymous_2)
DA:4,10
DA:5,10
DA:6,10
DA:8,10
DA:9,6
DA:11,6
DA:14,5
DA:20,6
LF:8
LH:8
BRF:0
BRH:0
end_of_record
TN:
SF:/home/travis/build/CoorpAcademy/components/packages/@coorpacademy-app-player/src/actions/api/clues.js
FN:8,(anonymous_0)
FN:8,(anonymous_1)
FN:13,(anonymous_2)
FNF:3
FNH:3
FNDA:5,(anonymous_0)
FNDA:5,(anonymous_1)
FNDA:4,(anonymous_2)
DA:4,7
DA:5,7
DA:6,7
DA:8,7
DA:9,5
DA:11,5
DA:13,4
DA:18,5
LF:8
LH:8
BRF:0
BRH:0
end_of_record
TN:
SF:/home/travis/build/CoorpAcademy/components/packages/@coorpacademy-app-player/src/actions/api/exit-nodes.js
FN:8,(anonymous_0)
FN:8,(anonymous_1)
FN:13,(anonymous_2)
FNF:3
FNH:3
FNDA:4,(anonymous_0)
FNDA:4,(anonymous_1)
FNDA:3,(anonymous_2)
DA:4,10
DA:5,10
DA:6,10
DA:8,10
DA:9,4
DA:11,4
DA:14,3
DA:20,4
LF:8
LH:8
BRF:0
BRH:0
end_of_record
TN:
SF:/home/travis/build/CoorpAcademy/components/packages/@coorpacademy-app-player/src/actions/api/location.js
FN:10,(anonymous_0)
FN:18,(anonymous_1)
FN:30,(anonymous_2)
FN:35,(anonymous_3)
FNF:4
FNH:4
FNDA:2,(anonymous_0)
FNDA:2,(anonymous_1)
FNDA:2,(anonymous_2)
FNDA:2,(anonymous_3)
DA:6,3
DA:7,3
DA:8,3
DA:10,3
DA:11,2
DA:13,2
DA:14,2
DA:16,2
DA:18,2
DA:23,2
DA:26,3
DA:27,3
DA:28,3
DA:30,3
DA:31,2
DA:33,2
DA:35,2
DA:39,2
LF:18
LH:18
BRF:0
BRH:0
end_of_record
TN:
SF:/home/travis/build/CoorpAcademy/components/packages/@coorpacademy-app-player/src/actions/api/progressions.js
FN:20,(anonymous_0)
FN:20,(anonymous_1)
FN:25,(anonymous_2)
FN:37,(anonymous_3)
FN:37,(anonymous_4)
FN:42,(anonymous_5)
FN:53,(anonymous_6)
FN:53,(anonymous_7)
FN:64,(anonymous_8)
FN:79,(anonymous_9)
FN:79,(anonymous_10)
FN:92,(anonymous_11)
FN:99,(anonymous_12)
FN:110,(anonymous_13)
FN:110,(anonymous_14)
FN:123,(anonymous_15)
FN:135,(anonymous_16)
FN:135,(anonymous_17)
FN:164,(anonymous_18)
FN:165,(anonymous_19)
FNF:20
FNH:20
FNDA:8,(anonymous_0)
FNDA:8,(anonymous_1)
FNDA:7,(anonymous_2)
FNDA:3,(anonymous_3)
FNDA:3,(anonymous_4)
FNDA:3,(anonymous_5)
FNDA:8,(anonymous_6)
FNDA:8,(anonymous_7)
FNDA:8,(anonymous_8)
FNDA:5,(anonymous_9)
FNDA:5,(anonymous_10)
FNDA:4,(anonymous_11)
FNDA:5,(anonymous_12)
FNDA:6,(anonymous_13)
FNDA:6,(anonymous_14)
FNDA:5,(anonymous_15)
FNDA:5,(anonymous_16)
FNDA:5,(anonymous_17)
FNDA:4,(anonymous_18)
FNDA:5,(anonymous_19)
DA:16,26
DA:17,26
DA:18,26
DA:20,26
DA:21,8
DA:23,8
DA:25,7
DA:30,8
DA:33,26
DA:34,26
DA:35,26
DA:37,26
DA:38,3
DA:40,3
DA:42,3
DA:46,3
DA:49,26
DA:50,26
DA:51,26
DA:53,26
DA:54,8
DA:55,8
DA:56,8
DA:58,8
DA:65,8
DA:72,8
DA:75,26
DA:76,26
DA:77,26
DA:79,26
DA:80,5
DA:81,5
DA:82,5
DA:84,5
DA:86,5
DA:93,4
DA:99,5
DA:103,5
DA:106,26
DA:107,26
DA:108,26
DA:110,26
DA:115,6
DA:117,6
DA:123,5
DA:128,6
DA:131,26
DA:132,26
DA:133,26
DA:135,26
DA:140,5
DA:141,5
DA:142,5
DA:143,5
DA:144,5
DA:145,5
DA:146,5
DA:148,5
DA:158,5
DA:164,4
DA:166,5
DA:172,5
LF:62
LH:62
BRDA:143,0,0,5
BRDA:143,0,1,1
BRF:2
BRH:2
end_of_record
TN:
SF:/home/travis/build/CoorpAcademy/components/packages/@coorpacademy-app-player/src/actions/api/rank.js
FN:12,(anonymous_0)
FN:17,(anonymous_1)
FN:24,(anonymous_2)
FN:24,(anonymous_3)
FN:36,(anonymous_4)
FN:36,(anonymous_5)
FNF:6
FNH:6
FNDA:9,(anonymous_0)
FNDA:8,(anonymous_1)
FNDA:6,(anonymous_2)
FNDA:6,(anonymous_3)
FNDA:3,(anonymous_4)
FNDA:3,(anonymous_5)
DA:4,10
DA:5,10
DA:6,10
DA:8,10
DA:9,10
DA:10,10
DA:12,10
DA:13,9
DA:15,9
DA:17,8
DA:21,9
DA:24,10
DA:25,6
DA:36,10
DA:37,3
LF:15
LH:15
BRF:0
BRH:0
end_of_record
TN:
SF:/home/travis/build/CoorpAcademy/components/packages/@coorpacademy-app-player/src/actions/api/recommendations.js
FN:9,(anonymous_0)
FN:9,(anonymous_1)
FN:15,(anonymous_2)
FNF:3
FNH:3
FNDA:4,(anonymous_0)
FNDA:4,(anonymous_1)
FNDA:3,(anonymous_2)
DA:5,10
DA:6,10
DA:7,10
DA:9,10
DA:10,4
DA:11,4
DA:13,4
DA:15,3
DA:20,4
LF:9
LH:9
BRF:0
BRH:0
end_of_record
TN:
SF:/home/travis/build/CoorpAcademy/components/packages/@coorpacademy-app-player/src/actions/api/slides.js
FN:8,(anonymous_0)
FN:8,(anonymous_1)
FN:13,(anonymous_2)
FNF:3
FNH:3
FNDA:5,(anonymous_0)
FNDA:5,(anonymous_1)
FNDA:4,(anonymous_2)
DA:4,10
DA:5,10
DA:6,10
DA:8,10
DA:9,5
DA:11,5
DA:13,4
DA:18,5
LF:8
LH:8
BRF:0
BRH:0
end_of_record
TN:
SF:/home/travis/build/CoorpAcademy/components/packages/@coorpacademy-app-player/src/actions/ui/answers.js
FN:21,(anonymous_0)
FN:29,(anonymous_1)
FN:43,(anonymous_2)
FN:57,(anonymous_3)
FN:57,(anonymous_4)
FNF:5
FNH:5
FNDA:22,(anonymous_0)
FNDA:4,(anonymous_1)
FNDA:23,(anonymous_2)
FNDA:7,(anonymous_3)
FNDA:6,(anonymous_4)
DA:12,11
DA:21,11
DA:22,22
DA:26,13
DA:28,10
DA:29,4
DA:31,7
DA:36,4
DA:39,5
DA:43,11
DA:44,23
DA:45,23
DA:46,1
DA:48,22
DA:57,11
DA:58,6
DA:59,6
DA:61,5
DA:62,5
DA:63,5
DA:65,5
DA:67,5
DA:68,5
DA:69,5
DA:70,5
DA:75,5
DA:77,5
DA:78,1
DA:80,4
DA:83,5
LF:30
LH:30
BRDA:21,0,0,3
BRDA:22,1,0,5
BRDA:22,1,1,9
BRDA:22,1,2,13
BRDA:22,1,3,1
BRDA:22,1,4,4
BRDA:22,1,5,5
BRDA:26,2,0,3
BRDA:26,2,1,10
BRDA:28,3,0,3
BRDA:28,3,1,7
BRDA:45,4,0,1
BRDA:45,4,1,22
BRDA:59,5,0,1
BRDA:59,5,1,5
BRDA:65,6,0,2
BRDA:65,7,0,1
BRDA:75,8,0,5
BRDA:75,8,1,2
BRDA:77,9,0,1
BRDA:77,9,1,4
BRDA:80,10,0,3
BRDA:80,10,1,1
BRF:23
BRH:23
end_of_record
TN:
SF:/home/travis/build/CoorpAcademy/components/packages/@coorpacademy-app-player/src/actions/ui/clues.js
FN:10,(anonymous_0)
FNF:1
FNH:1
FNDA:2,(anonymous_0)
DA:7,4
DA:10,4
DA:11,2
DA:12,2
DA:13,2
DA:14,2
DA:16,2
DA:17,2
DA:18,2
LF:9
LH:9
BRF:0
BRH:0
end_of_record
TN:
SF:/home/travis/build/CoorpAcademy/components/packages/@coorpacademy-app-player/src/actions/ui/corrections.js
FN:4,(anonymous_0)
FN:11,(anonymous_1)
FNF:2
FNH:2
FNDA:6,(anonymous_0)
FNDA:5,(anonymous_1)
DA:1,15
DA:2,15
DA:4,15
DA:11,15
LF:4
LH:4
BRF:0
BRH:0
end_of_record
TN:
SF:/home/travis/build/CoorpAcademy/components/packages/@coorpacademy-app-player/src/actions/ui/progressions.js
FN:19,(anonymous_0)
FN:19,(anonymous_1)
FNF:2
FNH:2
FNDA:6,(anonymous_0)
FNDA:5,(anonymous_1)
DA:17,8
DA:19,8
DA:20,5
DA:27,5
DA:28,5
DA:29,5
DA:31,3
DA:32,3
DA:33,3
DA:34,3
DA:36,3
DA:37,3
DA:38,3
DA:39,3
DA:41,3
DA:43,2
DA:44,2
DA:45,1
DA:47,1
DA:51,1
DA:52,1
DA:53,1
LF:22
LH:22
BRDA:29,0,0,2
BRDA:29,0,1,3
BRDA:41,1,0,2
BRDA:41,1,1,1
BRDA:41,1,2,1
BRDA:44,2,0,1
BRDA:44,2,1,1
BRF:7
BRH:7
end_of_record
TN:
SF:/home/travis/build/CoorpAcademy/components/packages/@coorpacademy-app-player/src/actions/ui/route.js
FN:5,(anonymous_0)
FN:5,(anonymous_1)
FNF:2
FNH:2
FNDA:11,(anonymous_0)
FNDA:6,(anonymous_1)
DA:3,12
DA:5,12
DA:6,6
DA:7,6
DA:8,6
DA:10,6
DA:12,6
LF:7
LH:7
BRDA:10,0,0,1
BRDA:10,0,1,5
BRF:2
BRH:2
end_of_record
TN:
SF:/home/travis/build/CoorpAcademy/components/packages/@coorpacademy-app-player/src/actions/ui/video.js
FN:9,(anonymous_0)
FN:9,(anonymous_1)
FN:17,(anonymous_2)
FN:22,(anonymous_3)
FN:27,(anonymous_4)
FNF:5
FNH:5
FNDA:3,(anonymous_0)
FNDA:1,(anonymous_1)
FNDA:3,(anonymous_2)
FNDA:3,(anonymous_3)
FNDA:3,(anonymous_4)
DA:5,6
DA:6,6
DA:7,6
DA:9,6
DA:10,1
DA:11,1
DA:13,1
DA:14,1
DA:17,6
DA:22,6
DA:27,6
LF:11
LH:11
BRF:0
BRH:0
end_of_record
TN:
SF:/home/travis/build/CoorpAcademy/components/packages/@coorpacademy-app-player/src/middlewares/index.js
FN:4,(anonymous_0)
FN:9,(anonymous_1)
FNF:2
FNH:2
FNDA:3,(anonymous_0)
FNDA:2,(anonymous_1)
DA:4,2
DA:5,3
DA:9,2
LF:3
LH:3
BRDA:7,0,0,1
BRDA:7,0,1,2
BRDA:7,1,0,3
BRDA:7,1,1,2
BRF:4
BRH:4
end_of_record
TN:
SF:/home/travis/build/CoorpAcademy/components/packages/@coorpacademy-app-player/src/reducers/index.js
FN:5,(anonymous_0)
FNF:1
FNH:1
FNDA:2,(anonymous_0)
DA:5,2
DA:6,2
LF:2
LH:2
BRF:0
BRH:0
end_of_record
TN:
SF:/home/travis/build/CoorpAcademy/components/packages/@coorpacademy-app-player/src/reducers/data/answers.js
FN:13,(anonymous_0)
FN:18,(anonymous_1)
FNF:2
FNH:2
FNDA:20,(anonymous_0)
FNDA:3,(anonymous_1)
DA:13,3
DA:14,20
DA:16,3
DA:17,3
DA:18,3
DA:21,1
DA:22,1
DA:23,1
DA:29,2
DA:30,2
DA:31,2
DA:32,1
DA:33,1
DA:36,14
LF:14
LH:14
BRDA:13,0,0,11
BRDA:14,1,0,3
BRDA:14,1,1,1
BRDA:14,1,2,2
BRDA:14,1,3,14
BRDA:18,2,0,3
BRDA:18,2,1,2
BRDA:31,3,0,1
BRDA:31,3,1,1
BRF:9
BRH:9
end_of_record
TN:
SF:/home/travis/build/CoorpAcademy/components/packages/@coorpacademy-app-player/src/reducers/data/chapters.js
FN:15,(anonymous_0)
FN:20,(anonymous_1)
FNF:2
FNH:2
FNDA:21,(anonymous_0)
FNDA:3,(anonymous_1)
DA:15,3
DA:16,21
DA:18,3
DA:19,3
DA:20,3
DA:23,1
DA:24,1
DA:25,1
DA:28,2
DA:29,2
DA:30,2
DA:31,1
DA:34,1
DA:35,1
DA:36,1
DA:39,14
LF:16
LH:16
BRDA:15,0,0,11
BRDA:16,1,0,3
BRDA:16,1,1,1
BRDA:16,1,2,2
BRDA:16,1,3,1
BRDA:16,1,4,14
BRDA:20,2,0,3
BRDA:20,2,1,2
BRDA:30,3,0,1
BRDA:30,3,1,1
BRF:10
BRH:10
end_of_record
TN:
SF:/home/travis/build/CoorpAcademy/components/packages/@coorpacademy-app-player/src/reducers/data/clues.js
FN:9,(anonymous_0)
FN:14,(anonymous_1)
FNF:2
FNH:2
FNDA:20,(anonymous_0)
FNDA:3,(anonymous_1)
DA:9,3
DA:10,20
DA:12,3
DA:13,3
DA:14,3
DA:17,1
DA:18,1
DA:19,1
DA:22,2
DA:23,2
DA:24,2
DA:25,1
DA:26,1
DA:29,14
LF:14
LH:14
BRDA:9,0,0,11
BRDA:10,1,0,3
BRDA:10,1,1,1
BRDA:10,1,2,2
BRDA:10,1,3,14
BRDA:14,2,0,3
BRDA:14,2,1,2
BRDA:24,3,0,1
BRDA:24,3,1,1
BRF:9
BRH:9
end_of_record
TN:
SF:/home/travis/build/CoorpAcademy/components/packages/@coorpacademy-app-player/src/reducers/data/exit-nodes.js
FN:13,(anonymous_0)
FN:18,(anonymous_1)
FNF:2
FNH:2
FNDA:20,(anonymous_0)
FNDA:3,(anonymous_1)
DA:13,3
DA:14,20
DA:16,3
DA:17,3
DA:18,3
DA:21,1
DA:22,1
DA:23,1
DA:26,2
DA:27,2
DA:28,2
DA:29,1
DA:32,14
LF:13
LH:13
BRDA:13,0,0,11
BRDA:14,1,0,3
BRDA:14,1,1,1
BRDA:14,1,2,2
BRDA:14,1,3,14
BRDA:18,2,0,3
BRDA:18,2,1,2
BRDA:28,3,0,1
BRDA:28,3,1,1
BRF:9
BRH:9
end_of_record
TN:
SF:/home/travis/build/CoorpAcademy/components/packages/@coorpacademy-app-player/src/reducers/data/index.js
FNF:0
FNH:0
LF:0
LH:0
BRF:0
BRH:0
end_of_record
TN:
SF:/home/travis/build/CoorpAcademy/components/packages/@coorpacademy-app-player/src/reducers/data/progressions.js
FN:19,(anonymous_0)
FN:29,(anonymous_1)
FN:47,(anonymous_2)
FNF:3
FNH:3
FNDA:25,(anonymous_0)
FNDA:4,(anonymous_1)
FNDA:3,(anonymous_2)
DA:19,3
DA:20,25
DA:22,1
DA:23,1
DA:24,1
DA:27,4
DA:28,4
DA:29,4
DA:32,1
DA:33,1
DA:34,1
DA:37,1
DA:38,1
DA:43,3
DA:44,3
DA:45,3
DA:47,3
DA:52,3
DA:53,3
DA:54,3
DA:55,1
DA:58,12
LF:22
LH:22
BRDA:19,0,0,11
BRDA:20,1,0,1
BRDA:20,1,1,4
BRDA:20,1,2,1
BRDA:20,1,3,1
BRDA:20,1,4,1
BRDA:20,1,5,2
BRDA:20,1,6,3
BRDA:20,1,7,3
BRDA:20,1,8,12
BRDA:29,2,0,4
BRDA:29,2,1,3
BRDA:54,3,0,2
BRDA:54,3,1,1
BRF:14
BRH:14
end_of_record
TN:
SF:/home/travis/build/CoorpAcademy/components/packages/@coorpacademy-app-player/src/reducers/data/rank.js
FN:17,(anonymous_0)
FN:20,(anonymous_1)
FN:31,(anonymous_2)
FNF:3
FNH:3
FNDA:24,(anonymous_0)
FNDA:2,(anonymous_1)
FNDA:2,(anonymous_2)
DA:17,3
DA:18,24
DA:20,2
DA:23,1
DA:24,1
DA:27,2
DA:28,1
DA:31,2
DA:34,1
DA:35,1
DA:38,2
DA:39,1
DA:42,14
LF:13
LH:13
BRDA:17,0,0,11
BRDA:18,1,0,2
BRDA:18,1,1,1
BRDA:18,1,2,2
BRDA:18,1,3,2
BRDA:18,1,4,1
BRDA:18,1,5,2
BRDA:18,1,6,14
BRDA:20,2,0,2
BRDA:20,2,1,1
BRDA:27,3,0,1
BRDA:27,3,1,1
BRDA:31,4,0,2
BRDA:31,4,1,1
BRDA:38,5,0,1
BRDA:38,5,1,1
BRF:16
BRH:16
end_of_record
TN:
SF:/home/travis/build/CoorpAcademy/components/packages/@coorpacademy-app-player/src/reducers/data/recommendations.js
FN:13,(anonymous_0)
FN:18,(anonymous_1)
FNF:2
FNH:2
FNDA:20,(anonymous_0)
FNDA:3,(anonymous_1)
DA:13,3
DA:14,20
DA:16,3
DA:17,3
DA:18,3
DA:21,1
DA:22,1
DA:23,1
DA:26,2
DA:27,2
DA:28,2
DA:29,1
DA:32,14
LF:13
LH:13
BRDA:13,0,0,11
BRDA:14,1,0,3
BRDA:14,1,1,1
BRDA:14,1,2,2
BRDA:14,1,3,14
BRDA:18,2,0,3
BRDA:18,2,1,2
BRDA:28,3,0,1
BRDA:28,3,1,1
BRF:9
BRH:9
end_of_record
TN:
SF:/home/travis/build/CoorpAcademy/components/packages/@coorpacademy-app-player/src/reducers/data/slides.js
FN:13,(anonymous_0)
FN:18,(anonymous_1)
FNF:2
FNH:2
FNDA:20,(anonymous_0)
FNDA:3,(anonymous_1)
DA:13,3
DA:14,20
DA:16,3
DA:17,3
DA:18,3
DA:21,1
DA:22,1
DA:23,1
DA:26,2
DA:27,2
DA:28,2
DA:29,1
DA:32,14
LF:13
LH:13
BRDA:13,0,0,11
BRDA:14,1,0,3
BRDA:14,1,1,1
BRDA:14,1,2,2
BRDA:14,1,3,14
BRDA:18,2,0,3
BRDA:18,2,1,2
BRDA:28,3,0,1
BRDA:28,3,1,1
BRF:9
BRH:9
end_of_record
TN:
SF:/home/travis/build/CoorpAcademy/components/packages/@coorpacademy-app-player/src/reducers/ui/answers.js
FN:10,(anonymous_0)
FNF:1
FNH:1
FNDA:16,(anonymous_0)
DA:8,3
DA:10,3
DA:11,16
DA:13,2
DA:14,2
DA:18,14
DA:19,1
DA:20,1
DA:23,13
LF:9
LH:9
BRDA:10,0,0,11
BRDA:11,1,0,2
BRDA:18,2,0,1
BRDA:18,2,1,13
BRF:4
BRH:4
end_of_record
TN:
SF:/home/travis/build/CoorpAcademy/components/packages/@coorpacademy-app-player/src/reducers/ui/corrections.js
FN:7,(anonymous_0)
FNF:1
FNH:1
FNDA:16,(anonymous_0)
DA:7,3
DA:8,16
DA:10,1
DA:11,1
DA:12,1
DA:16,1
DA:17,1
DA:21,2
DA:25,12
LF:9
LH:9
BRDA:7,0,0,10
BRDA:8,1,0,1
BRDA:8,1,1,1
BRDA:8,1,2,2
BRF:4
BRH:4
end_of_record
TN:
SF:/home/travis/build/CoorpAcademy/components/packages/@coorpacademy-app-player/src/reducers/ui/current.js
FN:4,(anonymous_0)
FNF:1
FNH:1
FNDA:15,(anonymous_0)
DA:4,3
DA:5,15
DA:7,2
DA:8,2
DA:9,2
DA:12,13
LF:6
LH:6
BRDA:4,0,0,12
BRDA:5,1,0,2
BRDA:5,1,1,13
BRF:3
BRH:3
end_of_record
TN:
SF:/home/travis/build/CoorpAcademy/components/packages/@coorpacademy-app-player/src/reducers/ui/index.js
FNF:0
FNH:0
LF:0
LH:0
BRF:0
BRH:0
end_of_record
TN:
SF:/home/travis/build/CoorpAcademy/components/packages/@coorpacademy-app-player/src/reducers/ui/route.js
FN:12,(anonymous_0)
FNF:1
FNH:1
FNDA:17,(anonymous_0)
DA:12,3
DA:13,17
DA:17,1
DA:18,1
DA:21,1
DA:22,1
DA:25,2
DA:26,2
DA:27,2
DA:28,1
DA:31,13
LF:11
LH:11
BRDA:12,0,0,13
BRDA:13,1,0,1
BRDA:13,1,1,1
BRDA:13,1,2,1
BRDA:13,1,3,1
BRDA:13,1,4,2
BRDA:13,1,5,13
BRDA:27,2,0,1
BRDA:27,2,1,1
BRF:9
BRH:9
end_of_record
TN:
SF:/home/travis/build/CoorpAcademy/components/packages/@coorpacademy-app-player/src/services/analytics.js
FN:2,(anonymous_0)
FNF:1
FNH:1
FNDA:2,(anonymous_0)
DA:2,2
DA:3,2
DA:4,2
DA:9,2
LF:4
LH:4
BRDA:3,0,0,2
BRDA:3,0,1,1
BRF:2
BRH:2
end_of_record
TN:
SF:/home/travis/build/CoorpAcademy/components/packages/@coorpacademy-app-player/src/services/answers.js
FN:11,(anonymous_0)
FN:17,(anonymous_1)
FNF:2
FNH:2
FNDA:34,(anonymous_0)
FNDA:3,(anonymous_1)
DA:10,2
DA:11,34
DA:17,2
DA:18,3
DA:19,3
DA:21,3
DA:22,2
DA:23,2
DA:27,2
DA:29,2
LF:10
LH:10
BRDA:17,0,0,1
BRDA:21,1,0,1
BRDA:21,1,1,2
BRF:3
BRH:3
end_of_record
TN:
SF:/home/travis/build/CoorpAcademy/components/packages/@coorpacademy-app-player/src/services/chapters.js
FN:5,(anonymous_0)
FN:10,(anonymous_1)
FN:15,(anonymous_2)
FNF:3
FNH:3
FNDA:2,(anonymous_0)
FNDA:2,(anonymous_1)
FNDA:1,(anonymous_2)
DA:4,2
DA:5,2
DA:10,2
DA:11,2
DA:12,1
DA:15,2
DA:16,1
LF:7
LH:7
BRDA:11,0,0,1
BRDA:11,0,1,1
BRF:2
BRH:2
end_of_record
TN:
SF:/home/travis/build/CoorpAcademy/components/packages/@coorpacademy-app-player/src/services/clues.js
FN:7,(anonymous_0)
FN:13,(anonymous_1)
FNF:2
FNH:2
FNDA:34,(anonymous_0)
FNDA:3,(anonymous_1)
DA:6,2
DA:7,34
DA:13,2
DA:14,3
DA:16,3
DA:17,1
DA:19,2
DA:21,1
LF:8
LH:8
BRDA:16,0,0,1
BRDA:16,0,1,2
BRDA:19,1,0,1
BRDA:19,1,1,1
BRF:4
BRH:4
end_of_record
TN:
SF:/home/travis/build/CoorpAcademy/components/packages/@coorpacademy-app-player/src/services/exit-nodes.js
FN:5,(anonymous_0)
FN:11,(anonymous_1)
FNF:2
FNH:2
FNDA:4,(anonymous_0)
FNDA:2,(anonymous_1)
DA:4,2
DA:5,4
DA:11,2
DA:12,2
DA:13,1
LF:5
LH:5
BRDA:12,0,0,1
BRDA:12,0,1,1
BRF:2
BRH:2
end_of_record
TN:
SF:/home/travis/build/CoorpAcademy/components/packages/@coorpacademy-app-player/src/services/index.js
FNF:0
FNH:0
DA:15,1
DA:16,1
DA:18,1
DA:19,1
DA:20,1
DA:21,1
DA:22,1
DA:23,1
DA:24,1
DA:25,1
DA:26,1
DA:27,1
LF:12
LH:12
BRF:0
BRH:0
end_of_record
TN:
SF:/home/travis/build/CoorpAcademy/components/packages/@coorpacademy-app-player/src/services/leaderboard.js
FN:2,(anonymous_0)
FNF:1
FNH:1
FNDA:1,(anonymous_0)
DA:2,2
DA:3,1
LF:2
LH:2
BRF:0
BRH:0
end_of_record
TN:
SF:/home/travis/build/CoorpAcademy/components/packages/@coorpacademy-app-player/src/services/location.js
FN:1,(anonymous_0)
FN:5,(anonymous_1)
FNF:2
FNH:2
FNDA:1,(anonymous_0)
FNDA:1,(anonymous_1)
DA:1,2
DA:2,1
DA:5,2
DA:6,1
LF:4
LH:4
BRF:0
BRH:0
end_of_record
TN:
SF:/home/travis/build/CoorpAcademy/components/packages/@coorpacademy-app-player/src/services/progressions.js
FN:22,(anonymous_0)
FN:27,(anonymous_1)
FN:29,(anonymous_2)
FN:35,(anonymous_3)
FN:41,(anonymous_4)
FN:44,(anonymous_5)
FN:48,(anonymous_6)
FN:53,(anonymous_7)
FN:55,(anonymous_8)
FN:56,(anonymous_9)
FN:61,(anonymous_10)
FN:70,(anonymous_11)
FN:81,(anonymous_12)
FN:86,(anonymous_13)
FN:94,(anonymous_14)
FN:99,(anonymous_15)
FN:120,(anonymous_16)
FN:127,(anonymous_17)
FNF:18
FNH:18
FNDA:68,(anonymous_0)
FNDA:9,(anonymous_1)
FNDA:40,(anonymous_2)
FNDA:13,(anonymous_3)
FNDA:1,(anonymous_4)
FNDA:11,(anonymous_5)
FNDA:14,(anonymous_6)
FNDA:2,(anonymous_7)
FNDA:20,(anonymous_8)
FNDA:10,(anonymous_9)
FNDA:2,(anonymous_10)
FNDA:2,(anonymous_11)
FNDA:2,(anonymous_12)
FNDA:1,(anonymous_13)
FNDA:1,(anonymous_14)
FNDA:9,(anonymous_15)
FNDA:1,(anonymous_16)
FNDA:1,(anonymous_17)
DA:21,4
DA:22,68
DA:27,9
DA:28,4
DA:29,40
DA:35,4
DA:36,13
DA:37,11
DA:41,4
DA:44,4
DA:45,11
DA:48,4
DA:49,14
DA:50,14
DA:53,4
DA:54,2
DA:55,20
DA:56,10
DA:58,2
DA:61,4
DA:62,2
DA:63,2
DA:64,2
DA:65,2
DA:66,2
DA:68,2
DA:71,2
DA:72,2
DA:81,2
DA:86,4
DA:87,1
DA:89,1
DA:94,1
DA:99,4
DA:100,9
DA:101,9
DA:103,9
DA:107,9
DA:112,9
DA:114,9
DA:120,4
DA:121,1
DA:122,1
DA:127,1
LF:44
LH:44
BRDA:36,0,0,2
BRDA:36,0,1,11
BRDA:53,1,0,2
BRDA:55,2,0,20
BRDA:55,2,1,10
BRDA:56,3,0,10
BRDA:56,3,1,9
BRDA:58,4,0,2
BRDA:58,4,1,1
BRF:9
BRH:9
end_of_record
TN:
SF:/home/travis/build/CoorpAcademy/components/packages/@coorpacademy-app-player/src/services/recommendations.js
FN:4,(anonymous_0)
FNF:1
FNH:1
FNDA:1,(anonymous_0)
DA:4,2
DA:5,1
LF:2
LH:2
BRF:0
BRH:0
end_of_record
TN:
SF:/home/travis/build/CoorpAcademy/components/packages/@coorpacademy-app-player/src/services/slides.js
FN:12,(anonymous_0)
FN:15,(anonymous_1)
FN:38,(anonymous_2)
FNF:3
FNH:3
FNDA:34,(anonymous_0)
FNDA:4,(anonymous_1)
FNDA:2,(anonymous_2)
DA:10,2
DA:12,34
DA:15,2
DA:16,4
DA:17,1
DA:32,1
DA:34,3
DA:38,2
DA:39,2
DA:40,1
DA:41,1
LF:11
LH:11
BRDA:16,0,0,1
BRDA:16,0,1,3
BRDA:39,1,0,1
BRDA:39,1,1,1
BRF:4
BRH:4
end_of_record
TN:
SF:/home/travis/build/CoorpAcademy/components/packages/@coorpacademy-app-player/src/utils/add-timeout.js
FN:3,(anonymous_0)
FN:3,(anonymous_1)
FN:4,(anonymous_2)
FN:5,(anonymous_3)
FNF:4
FNH:4
FNDA:30,(anonymous_0)
FNDA:2,(anonymous_1)
FNDA:2,(anonymous_2)
FNDA:2,(anonymous_3)
DA:3,30
DA:4,2
DA:5,2
DA:6,2
LF:4
LH:4
BRF:0
BRH:0
end_of_record
TN:
SF:/home/travis/build/CoorpAcademy/components/packages/@coorpacademy-app-player/src/utils/redux-task.js
FN:7,(anonymous_0)
FN:9,(anonymous_1)
FN:9,(anonymous_2)
FNF:3
FNH:3
FNDA:155,(anonymous_0)
FNDA:83,(anonymous_1)
FNDA:83,(anonymous_2)
DA:7,155
DA:9,83
DA:14,83
DA:16,83
DA:20,83
DA:21,11
DA:24,72
DA:25,72
DA:26,52
DA:31,20
LF:10
LH:10
BRDA:7,0,0,34
BRDA:7,0,1,121
BRDA:9,1,0,21
BRDA:20,2,0,11
BRDA:20,2,1,72
BRF:5
BRH:5
end_of_record
TN:
SF:/home/travis/build/CoorpAcademy/components/packages/@coorpacademy-app-player/src/utils/state-extract.js
FN:12,(anonymous_0)
FN:12,(anonymous_1)
FN:16,(anonymous_2)
FN:18,(anonymous_3)
FN:23,(anonymous_4)
FN:28,(anonymous_5)
FN:37,(anonymous_6)
FN:37,(anonymous_7)
FN:42,(anonymous_8)
FN:42,(anonymous_9)
FN:47,(anonymous_10)
FN:52,(anonymous_11)
FN:57,(anonymous_12)
FN:61,(anonymous_13)
FN:65,(anonymous_14)
FN:70,(anonymous_15)
FN:70,(anonymous_16)
FN:75,(anonymous_17)
FN:80,(anonymous_18)
FN:80,(anonymous_19)
FN:83,(anonymous_20)
FN:90,(anonymous_21)
FN:90,(anonymous_22)
FN:94,(anonymous_23)
FN:101,(anonymous_24)
FN:109,(anonymous_25)
FN:118,(anonymous_26)
FN:123,(anonymous_27)
FNF:28
FNH:28
FNDA:243,(anonymous_0)
FNDA:243,(anonymous_1)
FNDA:23,(anonymous_2)
FNDA:217,(anonymous_3)
FNDA:46,(anonymous_4)
FNDA:45,(anonymous_5)
FNDA:99,(anonymous_6)
FNDA:99,(anonymous_7)
FNDA:27,(anonymous_8)
FNDA:27,(anonymous_9)
FNDA:21,(anonymous_10)
FNDA:70,(anonymous_11)
FNDA:16,(anonymous_12)
FNDA:4,(anonymous_13)
FNDA:19,(anonymous_14)
FNDA:9,(anonymous_15)
FNDA:9,(anonymous_16)
FNDA:5,(anonymous_17)
FNDA:10,(anonymous_18)
FNDA:10,(anonymous_19)
FNDA:9,(anonymous_20)
FNDA:27,(anonymous_21)
FNDA:27,(anonymous_22)
FNDA:21,(anonymous_23)
FNDA:27,(anonymous_24)
FNDA:12,(anonymous_25)
FNDA:20,(anonymous_26)
FNDA:30,(anonymous_27)
DA:6,41
DA:8,41
DA:9,41
DA:10,41
DA:12,243
DA:13,243
DA:16,41
DA:18,41
DA:19,217
DA:20,217
DA:23,41
DA:24,46
DA:25,46
DA:28,41
DA:29,45
DA:30,45
DA:31,45
DA:32,5
DA:34,40
DA:37,99
DA:38,99
DA:39,99
DA:42,41
DA:43,27
DA:44,27
DA:47,41
DA:48,21
DA:49,21
DA:52,41
DA:53,70
DA:54,70
DA:57,41
DA:58,16
DA:61,41
DA:62,4
DA:65,41
DA:66,19
DA:67,19
DA:70,41
DA:71,9
DA:72,9
DA:75,41
DA:76,5
DA:77,5
DA:80,41
DA:81,10
DA:83,41
DA:84,9
DA:85,9
DA:87,9
DA:90,41
DA:91,27
DA:94,41
DA:95,21
DA:96,21
DA:98,21
DA:101,41
DA:102,27
DA:104,27
DA:107,41
DA:109,41
DA:110,12
DA:111,12
DA:114,41
DA:115,41
DA:116,41
DA:118,41
DA:119,20
DA:120,20
DA:123,41
LF:70
LH:70
BRDA:31,0,0,5
BRDA:31,0,1,40
BRDA:31,1,0,45
BRDA:31,1,1,22
BRF:4
BRH:4
end_of_record
TN:
SF:/home/travis/build/CoorpAcademy/components/packages/@coorpacademy-app-player/src/view/create-view.js
FN:4,(anonymous_0)
FN:4,(anonymous_1)
FN:5,(anonymous_2)
FNF:3
FNH:3
FNDA:8,(anonymous_0)
FNDA:11,(anonymous_1)
FNDA:19,(anonymous_2)
DA:4,8
DA:5,19
LF:2
LH:2
BRF:0
BRH:0
end_of_record
TN:
SF:/home/travis/build/CoorpAcademy/components/packages/@coorpacademy-app-player/src/view/index.js
FN:15,(anonymous_0)
FN:15,(anonymous_1)
FN:19,(anonymous_2)
FN:20,(anonymous_3)
FN:22,(anonymous_4)
FN:33,(anonymous_5)
FNF:6
FNH:6
FNDA:1,(anonymous_0)
FNDA:2,(anonymous_1)
FNDA:1,(anonymous_2)
FNDA:3,(anonymous_3)
FNDA:1,(anonymous_4)
FNDA:1,(anonymous_5)
DA:15,2
DA:17,1
DA:18,1
DA:19,1
DA:20,3
DA:22,1
DA:23,1
DA:33,1
DA:34,1
LF:9
LH:9
BRF:0
BRH:0
end_of_record
TN:
SF:/home/travis/build/CoorpAcademy/components/packages/@coorpacademy-app-player/src/view/loading.js
FN:4,(anonymous_0)
FN:4,(anonymous_1)
FNF:2
FNH:2
FNDA:4,(anonymous_0)
FNDA:3,(anonymous_1)
DA:4,4
LF:1
LH:1
BRF:0
BRH:0
end_of_record
TN:
SF:/home/travis/build/CoorpAcademy/components/packages/@coorpacademy-app-player/src/view/popin-correction.js
FNF:0
FNH:0
DA:5,2
LF:1
LH:1
BRF:0
BRH:0
end_of_record
TN:
SF:/home/travis/build/CoorpAcademy/components/packages/@coorpacademy-app-player/src/view/popin-end.js
FNF:0
FNH:0
DA:5,2
LF:1
LH:1
BRF:0
BRH:0
end_of_record
TN:
SF:/home/travis/build/CoorpAcademy/components/packages/@coorpacademy-app-player/src/view/slide.js
FN:9,(anonymous_0)
FN:11,(anonymous_1)
FN:11,(anonymous_2)
FNF:3
FNH:3
FNDA:2,(anonymous_0)
FNDA:4,(anonymous_1)
FNDA:8,(anonymous_2)
DA:9,2
DA:10,2
DA:11,8
DA:19,2
LF:4
LH:4
BRF:0
BRH:0
end_of_record
TN:
SF:/home/travis/build/CoorpAcademy/components/packages/@coorpacademy-app-player/src/view/state-to-props/answer.js
FN:24,(anonymous_0)
FN:24,(anonymous_1)
FN:24,(anonymous_2)
FN:35,(anonymous_3)
FN:35,(anonymous_4)
FN:41,(anonymous_5)
FN:44,(anonymous_6)
FN:51,(anonymous_7)
FN:51,(anonymous_8)
FN:55,(anonymous_9)
FN:61,(anonymous_10)
FN:67,(anonymous_11)
FN:67,(anonymous_12)
FN:72,(anonymous_13)
FN:76,(anonymous_14)
FN:83,(anonymous_15)
FN:83,(anonymous_16)
FN:84,(anonymous_17)
FN:86,(anonymous_18)
FN:86,(anonymous_19)
FN:101,(anonymous_20)
FN:101,(anonymous_21)
FN:111,(anonymous_22)
FN:131,(anonymous_23)
FN:131,(anonymous_24)
FN:136,(anonymous_25)
FN:144,(anonymous_26)
FN:144,(anonymous_27)
FN:154,(anonymous_28)
FN:156,(anonymous_29)
FN:161,(anonymous_30)
FN:161,(anonymous_31)
FN:186,(anonymous_32)
FN:186,(anonymous_33)
FN:212,(anonymous_34)
FN:212,(anonymous_35)
FNF:36
FNH:36
FNDA:25,(anonymous_0)
FNDA:25,(anonymous_1)
FNDA:11,(anonymous_2)
FNDA:3,(anonymous_3)
FNDA:3,(anonymous_4)
FNDA:12,(anonymous_5)
FNDA:1,(anonymous_6)
FNDA:4,(anonymous_7)
FNDA:4,(anonymous_8)
FNDA:12,(anonymous_9)
FNDA:2,(anonymous_10)
FNDA:3,(anonymous_11)
FNDA:3,(anonymous_12)
FNDA:6,(anonymous_13)
FNDA:1,(anonymous_14)
FNDA:8,(anonymous_15)
FNDA:4,(anonymous_16)
FNDA:7,(anonymous_17)
FNDA:4,(anonymous_18)
FNDA:4,(anonymous_19)
FNDA:4,(anonymous_20)
FNDA:4,(anonymous_21)
FNDA:8,(anonymous_22)
FNDA:4,(anonymous_23)
FNDA:4,(anonymous_24)
FNDA:8,(anonymous_25)
FNDA:7,(anonymous_26)
FNDA:7,(anonymous_27)
FNDA:4,(anonymous_28)
FNDA:3,(anonymous_29)
FNDA:4,(anonymous_30)
FNDA:4,(anonymous_31)
FNDA:23,(anonymous_32)
FNDA:40,(anonymous_33)
FNDA:21,(anonymous_34)
FNDA:22,(anonymous_35)
DA:24,25
DA:25,11
DA:35,4
DA:36,3
DA:37,3
DA:38,3
DA:41,12
DA:44,1
DA:51,4
DA:52,4
DA:53,4
DA:56,12
DA:57,12
DA:61,2
DA:67,4
DA:68,3
DA:69,3
DA:72,6
DA:76,1
DA:83,8
DA:84,7
DA:86,4
DA:87,4
DA:88,4
DA:89,4
DA:101,4
DA:102,4
DA:103,4
DA:104,4
DA:105,4
DA:111,4
DA:112,8
DA:120,4
DA:131,4
DA:132,4
DA:137,8
DA:144,7
DA:145,7
DA:146,7
DA:154,4
DA:155,4
DA:156,4
DA:157,3
DA:161,4
DA:162,4
DA:168,4
DA:169,4
DA:171,4
DA:172,4
DA:173,4
DA:175,4
DA:186,23
DA:187,40
DA:188,40
DA:190,3
DA:193,3
DA:196,4
DA:199,7
DA:202,4
DA:205,4
DA:208,15
DA:212,21
DA:213,22
DA:214,22
DA:215,22
DA:217,1
DA:220,21
LF:67
LH:67
BRDA:83,0,0,4
BRDA:84,1,0,1
BRDA:84,1,1,6
BRDA:127,2,0,2
BRDA:127,2,1,2
BRDA:137,3,0,4
BRDA:137,3,1,4
BRDA:163,4,0,4
BRDA:163,4,1,1
BRDA:188,5,0,3
BRDA:188,5,1,3
BRDA:188,5,2,4
BRDA:188,5,3,7
BRDA:188,5,4,4
BRDA:188,5,5,4
BRDA:188,5,6,15
BRDA:215,6,0,1
BRDA:215,6,1,21
BRF:18
BRH:18
end_of_record
TN:
SF:/home/travis/build/CoorpAcademy/components/packages/@coorpacademy-app-player/src/view/state-to-props/header.js
FN:5,(anonymous_0)
FN:5,(anonymous_1)
FNF:2
FNH:2
FNDA:6,(anonymous_0)
FNDA:8,(anonymous_1)
DA:5,6
DA:6,8
LF:2
LH:2
BRF:0
BRH:0
end_of_record
TN:
SF:/home/travis/build/CoorpAcademy/components/packages/@coorpacademy-app-player/src/view/state-to-props/player.js
FN:27,(anonymous_0)
FN:27,(anonymous_1)
FN:42,(anonymous_2)
FN:43,(anonymous_3)
FN:44,(anonymous_4)
FN:62,(anonymous_5)
FN:105,(anonymous_6)
FNF:7
FNH:7
FNDA:4,(anonymous_0)
FNDA:20,(anonymous_1)
FNDA:3,(anonymous_2)
FNDA:2,(anonymous_3)
FNDA:1,(anonymous_4)
FNDA:1,(anonymous_5)
FNDA:3,(anonymous_6)
DA:21,3
DA:22,3
DA:27,4
DA:28,20
DA:29,20
DA:31,20
DA:32,20
DA:33,20
DA:34,20
DA:35,20
DA:36,20
DA:37,20
DA:38,20
DA:39,20
DA:40,20
DA:41,20
DA:42,20
DA:43,20
DA:44,20
DA:45,1
DA:52,20
DA:53,20
DA:55,20
DA:56,20
DA:63,1
DA:69,20
DA:106,3
LF:27
LH:27
BRDA:36,0,0,20
BRDA:36,0,1,19
BRDA:40,1,0,20
BRDA:40,1,1,8
BRDA:40,1,2,20
BRDA:56,2,0,1
BRDA:56,2,1,19
BRDA:70,3,0,11
BRDA:70,3,1,9
BRDA:78,4,0,11
BRDA:78,4,1,9
BRDA:87,5,0,1
BRDA:87,5,1,8
BRDA:98,6,0,20
BRDA:98,6,1,14
BRDA:98,6,2,8
BRF:16
BRH:16
end_of_record
TN:
SF:/home/travis/build/CoorpAcademy/components/packages/@coorpacademy-app-player/src/view/state-to-props/popin-correction.js
FN:15,(anonymous_0)
FN:15,(anonymous_1)
FN:19,(anonymous_2)
FN:20,(anonymous_3)
FNF:4
FNH:4
FNDA:2,(anonymous_0)
FNDA:8,(anonymous_1)
FNDA:1,(anonymous_2)
FNDA:1,(anonymous_3)
DA:15,2
DA:16,8
DA:17,8
DA:18,8
DA:19,8
DA:20,8
DA:21,8
DA:22,8
DA:23,8
DA:24,8
DA:25,8
DA:26,8
DA:27,8
DA:28,8
DA:30,8
DA:39,8
DA:45,8
DA:47,8
LF:18
LH:18
BRDA:25,0,0,8
BRDA:25,0,1,1
BRDA:26,1,0,8
BRDA:26,1,1,1
BRDA:27,2,0,1
BRDA:27,2,1,7
BRDA:30,3,0,1
BRDA:30,3,1,7
BRDA:33,4,0,1
BRDA:33,4,1,6
BRDA:34,5,0,1
BRDA:34,5,1,6
BRDA:35,6,0,1
BRDA:35,6,1,6
BRDA:48,7,0,2
BRDA:48,7,1,6
BRF:16
BRH:16
end_of_record
TN:
SF:/home/travis/build/CoorpAcademy/components/packages/@coorpacademy-app-player/src/view/state-to-props/popin-end.js
FN:19,(anonymous_0)
FN:32,(anonymous_1)
FN:40,(anonymous_2)
FN:40,(anonymous_3)
FN:45,(anonymous_4)
FN:59,(anonymous_5)
FN:68,(anonymous_6)
FN:76,(anonymous_7)
FN:76,(anonymous_8)
FN:89,(anonymous_9)
FN:89,(anonymous_10)
FN:94,(anonymous_11)
FN:104,(anonymous_12)
FN:110,(anonymous_13)
FN:118,(anonymous_14)
FN:118,(anonymous_15)
FN:126,(anonymous_16)
FNF:17
FNH:17
FNDA:4,(anonymous_0)
FNDA:2,(anonymous_1)
FNDA:4,(anonymous_2)
FNDA:4,(anonymous_3)
FNDA:2,(anonymous_4)
FNDA:2,(anonymous_5)
FNDA:1,(anonymous_6)
FNDA:4,(anonymous_7)
FNDA:4,(anonymous_8)
FNDA:4,(anonymous_9)
FNDA:4,(anonymous_10)
FNDA:2,(anonymous_11)
FNDA:2,(anonymous_12)
FNDA:1,(anonymous_13)
FNDA:3,(anonymous_14)
FNDA:4,(anonymous_15)
FNDA:3,(anonymous_16)
DA:19,2
DA:20,4
DA:21,4
DA:23,4
DA:24,1
DA:26,3
DA:27,3
DA:28,3
DA:32,2
DA:33,2
DA:34,2
DA:35,2
DA:37,2
DA:40,4
DA:41,4
DA:42,4
DA:45,2
DA:59,2
DA:68,1
DA:76,4
DA:77,4
DA:78,4
DA:79,4
DA:81,4
DA:86,4
DA:89,4
DA:90,4
DA:91,4
DA:95,2
DA:104,2
DA:110,1
DA:118,3
DA:119,4
DA:120,4
DA:122,4
DA:124,4
DA:126,3
DA:129,4
DA:139,4
LF:39
LH:39
BRDA:23,0,0,1
BRDA:23,0,1,3
BRDA:26,1,0,1
BRDA:26,1,1,2
BRDA:37,2,0,1
BRDA:37,2,1,1
BRDA:79,3,0,4
BRDA:79,3,1,4
BRDA:81,4,0,4
BRDA:81,4,1,4
BRDA:95,5,0,2
BRDA:95,5,1,2
BRF:12
BRH:12
end_of_record
TN:
SF:/home/travis/build/CoorpAcademy/components/packages/@coorpacademy-app-player/src/view/state-to-props/resources.js
FN:11,(anonymous_0)
FN:11,(anonymous_1)
FN:17,(anonymous_2)
FN:19,(anonymous_3)
FN:20,(anonymous_4)
FN:21,(anonymous_5)
FN:22,(anonymous_6)
FN:23,(anonymous_7)
FN:25,(anonymous_8)
FN:37,(anonymous_9)
FNF:10
FNH:10
FNDA:29,(anonymous_0)
FNDA:29,(anonymous_1)
FNDA:18,(anonymous_2)
FNDA:2,(anonymous_3)
FNDA:2,(anonymous_4)
FNDA:2,(anonymous_5)
FNDA:2,(anonymous_6)
FNDA:2,(anonymous_7)
FNDA:18,(anonymous_8)
FNDA:13,(anonymous_9)
DA:11,29
DA:12,29
DA:13,29
DA:15,29
DA:18,18
DA:19,2
DA:20,2
DA:21,2
DA:22,2
DA:23,2
DA:26,18
DA:27,3
DA:29,15
DA:35,29
DA:36,29
DA:37,13
LF:16
LH:16
BRDA:26,0,0,3
BRDA:26,0,1,15
BRDA:35,1,0,29
BRDA:35,1,1,27
BRDA:36,2,0,13
BRDA:36,2,1,16
BRDA:37,3,0,13
BRDA:37,3,1,2
BRF:8
BRH:8
end_of_record
TN:
SF:/home/travis/build/CoorpAcademy/components/packages/@coorpacademy-app-template/src/index.js
FN:9,(anonymous_0)
FN:9,(anonymous_1)
FN:12,(anonymous_2)
FN:19,(anonymous_3)
FN:30,(anonymous_4)
FN:41,(anonymous_5)
FN:42,(anonymous_6)
FNF:7
FNH:0
FNDA:0,(anonymous_0)
FNDA:0,(anonymous_1)
FNDA:0,(anonymous_2)
FNDA:0,(anonymous_3)
FNDA:0,(anonymous_4)
FNDA:0,(anonymous_5)
FNDA:0,(anonymous_6)
DA:9,1
DA:10,0
DA:12,0
DA:13,0
DA:14,0
DA:15,0
DA:19,1
DA:20,0
DA:22,0
DA:24,0
DA:26,0
DA:27,0
DA:29,0
DA:30,0
DA:31,0
DA:32,0
DA:33,0
DA:34,0
DA:38,0
DA:40,0
DA:41,0
DA:43,0
DA:44,0
LF:23
LH:2
BRDA:29,0,0,0
BRDA:29,0,1,0
BRF:2
BRH:0
end_of_record
TN:
SF:/home/travis/build/CoorpAcademy/components/packages/@coorpacademy-app-template/src/routes.js
FNF:0
FNH:0
DA:4,1
LF:1
LH:1
BRF:0
BRH:0
end_of_record
TN:
SF:/home/travis/build/CoorpAcademy/components/packages/@coorpacademy-app-template/src/actions/index.js
FN:2,(anonymous_0)
FN:5,(anonymous_1)
FN:8,(anonymous_2)
FNF:3
FNH:0
FNDA:0,(anonymous_0)
FNDA:0,(anonymous_1)
FNDA:0,(anonymous_2)
DA:1,1
DA:2,1
DA:4,1
DA:5,1
DA:7,1
DA:8,1
LF:6
LH:6
BRF:0
BRH:0
end_of_record
TN:
SF:/home/travis/build/CoorpAcademy/components/packages/@coorpacademy-app-template/src/middlewares/index.js
FN:7,(anonymous_0)
FN:15,(anonymous_1)
FNF:2
FNH:0
FNDA:0,(anonymous_0)
FNDA:0,(anonymous_1)
DA:7,1
DA:8,0
DA:15,0
LF:3
LH:1
BRDA:15,0,0,0
BRDA:15,0,1,0
BRF:2
BRH:0
end_of_record
TN:
SF:/home/travis/build/CoorpAcademy/components/packages/@coorpacademy-app-template/src/middlewares/routes.js
FN:10,(anonymous_0)
FNF:1
FNH:0
FNDA:0,(anonymous_0)
DA:7,1
DA:11,0
DA:12,0
LF:3
LH:1
BRDA:12,0,0,0
BRDA:12,0,1,0
BRF:2
BRH:0
end_of_record
TN:
SF:/home/travis/build/CoorpAcademy/components/packages/@coorpacademy-app-template/src/reducers/counter.js
FN:3,(anonymous_0)
FNF:1
FNH:0
FNDA:0,(anonymous_0)
DA:3,1
DA:4,0
DA:6,0
DA:8,0
DA:10,0
DA:12,0
LF:6
LH:1
BRDA:3,0,0,0
BRDA:4,1,0,0
BRDA:4,1,1,0
BRDA:4,1,2,0
BRDA:4,1,3,0
BRF:5
BRH:0
end_of_record
TN:
SF:/home/travis/build/CoorpAcademy/components/packages/@coorpacademy-app-template/src/reducers/index.js
FN:5,(anonymous_0)
FNF:1
FNH:0
FNDA:0,(anonymous_0)
DA:5,1
DA:6,0
LF:2
LH:1
BRF:0
BRH:0
end_of_record
TN:
SF:/home/travis/build/CoorpAcademy/components/packages/@coorpacademy-app-template/src/views/index.js
FN:5,(anonymous_0)
FN:5,(anonymous_1)
FN:5,(anonymous_2)
FN:10,(anonymous_3)
FN:11,(anonymous_4)
FN:17,(anonymous_5)
FN:38,(anonymous_6)
FN:38,(anonymous_7)
FNF:8
FNH:0
FNDA:0,(anonymous_0)
FNDA:0,(anonymous_1)
FNDA:0,(anonymous_2)
FNDA:0,(anonymous_3)
FNDA:0,(anonymous_4)
FNDA:0,(anonymous_5)
FNDA:0,(anonymous_6)
FNDA:0,(anonymous_7)
DA:5,1
DA:6,0
DA:8,0
DA:10,0
DA:11,0
DA:17,1
DA:18,0
DA:38,1
DA:39,0
DA:41,0
LF:10
LH:3
BRDA:17,0,0,0
BRF:1
BRH:0
end_of_record
TN:
SF:/home/travis/build/CoorpAcademy/components/packages/@coorpacademy-components/src/index.js
FNF:0
FNH:0
LF:0
LH:0
BRF:0
BRH:0
end_of_record
TN:
SF:/home/travis/build/CoorpAcademy/components/packages/@coorpacademy-components/src/atom/button/index.js
FN:8,(anonymous_0)
FN:71,(anonymous_1)
FNF:2
FNH:2
FNDA:209,(anonymous_0)
FNDA:22885,(anonymous_1)
DA:8,21
DA:20,209
DA:21,209
DA:23,209
DA:25,171
DA:40,1
DA:54,37
DA:71,21
DA:72,22885
DA:74,22885
DA:81,22885
DA:96,21
LF:12
LH:12
BRDA:11,0,0,0
BRDA:23,1,0,171
BRDA:23,1,1,1
BRDA:23,1,2,37
BRDA:35,2,0,171
BRDA:35,2,1,0
BRDA:49,3,0,1
BRDA:49,3,1,0
BRDA:72,4,0,2942
BRDA:72,5,0,14
BRDA:74,6,0,1093
BRDA:74,6,1,21792
BRF:12
BRH:9
end_of_record
TN:
SF:/home/travis/build/CoorpAcademy/components/packages/@coorpacademy-components/src/atom/catalog-section/index.js
FN:5,(anonymous_0)
FNF:1
FNH:1
FNDA:976,(anonymous_0)
DA:5,4
DA:6,976
DA:13,4
LF:3
LH:3
BRF:0
BRH:0
end_of_record
TN:
SF:/home/travis/build/CoorpAcademy/components/packages/@coorpacademy-components/src/atom/centered-text/index.js
FN:5,(anonymous_0)
FNF:1
FNH:1
FNDA:2,(anonymous_0)
DA:5,2
DA:6,2
DA:10,2
LF:3
LH:3
BRF:0
BRH:0
end_of_record
TN:
SF:/home/travis/build/CoorpAcademy/components/packages/@coorpacademy-components/src/atom/checkbox/index.js
FN:6,(anonymous_0)
FN:13,(anonymous_1)
FN:20,(anonymous_2)
FNF:3
FNH:3
FNDA:3252,(anonymous_0)
FNDA:2,(anonymous_1)
FNDA:3254,(anonymous_2)
DA:7,3252
DA:8,3252
DA:9,3252
DA:10,3252
DA:14,2
DA:15,2
DA:21,3254
DA:22,3254
DA:26,7
DA:30,7
LF:10
LH:10
BRF:0
BRH:0
end_of_record
TN:
SF:/home/travis/build/CoorpAcademy/components/packages/@coorpacademy-components/src/atom/clue/index.js
FN:10,(anonymous_0)
FN:24,(anonymous_1)
FNF:2
FNH:2
FNDA:252,(anonymous_0)
FNDA:10,(anonymous_1)
DA:10,4
DA:11,252
DA:24,4
DA:25,10
DA:26,10
DA:27,10
DA:28,10
DA:29,10
DA:31,10
DA:40,4
DA:44,4
LF:11
LH:11
BRDA:29,0,0,2
BRDA:29,0,1,8
BRDA:33,1,0,2
BRDA:33,1,1,8
BRDA:34,2,0,2
BRDA:34,2,1,8
BRF:6
BRH:6
end_of_record
TN:
SF:/home/travis/build/CoorpAcademy/components/packages/@coorpacademy-components/src/atom/cta/index.js
FN:11,(anonymous_0)
FN:20,(anonymous_1)
FN:21,(anonymous_2)
FN:26,(anonymous_3)
FN:27,(anonymous_4)
FN:32,(anonymous_5)
FN:63,(anonymous_6)
FNF:7
FNH:7
FNDA:4861,(anonymous_0)
FNDA:1,(anonymous_1)
FNDA:1,(anonymous_2)
FNDA:1,(anonymous_3)
FNDA:1,(anonymous_4)
FNDA:4863,(anonymous_5)
FNDA:4863,(anonymous_6)
DA:12,4861
DA:13,4861
DA:16,4861
DA:17,4861
DA:21,1
DA:27,1
DA:33,4863
DA:34,4863
DA:35,4863
DA:36,4863
DA:38,4863
DA:39,1
DA:40,1
DA:46,4862
DA:47,2762
DA:52,2100
DA:53,490
DA:57,1610
DA:73,4863
DA:75,4863
DA:98,12
DA:102,12
LF:22
LH:22
BRDA:35,0,0,3518
BRDA:35,1,0,1735
BRDA:38,2,0,1
BRDA:38,2,1,4862
BRDA:46,3,0,2762
BRDA:46,3,1,2100
BRDA:52,4,0,490
BRDA:52,4,1,1610
BRDA:65,5,0,480
BRDA:69,6,0,3518
BRDA:70,7,0,1733
BRDA:71,8,0,1735
BRDA:84,9,0,3130
BRDA:84,9,1,1733
BRDA:85,10,0,490
BRDA:85,10,1,4373
BRDA:86,11,0,2762
BRDA:86,11,1,2101
BRDA:89,12,0,4863
BRDA:89,12,1,4863
BRF:20
BRH:20
end_of_record
TN:
SF:/home/travis/build/CoorpAcademy/components/packages/@coorpacademy-components/src/atom/image-upload/index.js
FN:11,(anonymous_0)
FN:22,(anonymous_1)
FN:23,(anonymous_2)
FN:28,(anonymous_3)
FN:29,(anonymous_4)
FN:34,(anonymous_5)
FNF:6
FNH:6
FNDA:3982,(anonymous_0)
FNDA:1,(anonymous_1)
FNDA:1,(anonymous_2)
FNDA:1,(anonymous_3)
FNDA:1,(anonymous_4)
FNDA:3984,(anonymous_5)
DA:12,3982
DA:14,3982
DA:18,3982
DA:19,3982
DA:23,1
DA:29,1
DA:35,3984
DA:36,3984
DA:37,3984
DA:46,3984
DA:48,3984
DA:49,3984
DA:50,2464
DA:55,1520
DA:56,2
DA:62,1518
DA:69,3984
DA:96,9
DA:100,9
LF:19
LH:19
BRDA:42,0,0,2
BRDA:44,1,0,3982
BRDA:45,2,0,3982
BRDA:49,3,0,2464
BRDA:49,3,1,1520
BRDA:55,4,0,2
BRDA:55,4,1,1518
BRDA:72,5,0,2
BRDA:72,5,1,3982
BRDA:75,6,0,1
BRDA:75,6,1,3983
BRF:11
BRH:11
end_of_record
TN:
SF:/home/travis/build/CoorpAcademy/components/packages/@coorpacademy-components/src/atom/input-checkbox/index.js
FN:8,(anonymous_0)
FN:13,(anonymous_1)
FNF:2
FNH:2
FNDA:1644,(anonymous_0)
FNDA:2,(anonymous_1)
DA:8,9
DA:9,1644
DA:11,1644
DA:12,1644
DA:13,1644
DA:14,1644
DA:16,1644
DA:33,9
LF:8
LH:8
BRDA:9,0,0,1631
BRDA:9,1,0,1642
BRDA:12,2,0,2
BRDA:12,2,1,1642
BRF:4
BRH:4
end_of_record
TN:
SF:/home/travis/build/CoorpAcademy/components/packages/@coorpacademy-components/src/atom/input-color/index.js
FN:8,(anonymous_0)
FN:23,(anonymous_1)
FNF:2
FNH:1
FNDA:4123,(anonymous_0)
FNDA:0,(anonymous_1)
DA:8,6
DA:18,4123
DA:20,4123
DA:23,4123
DA:24,4123
DA:26,4123
DA:49,6
LF:7
LH:7
BRDA:14,0,0,0
BRDA:17,1,0,4121
BRF:2
BRH:1
end_of_record
TN:
SF:/home/travis/build/CoorpAcademy/components/packages/@coorpacademy-components/src/atom/input-doublestep/index.js
FN:6,(anonymous_0)
FN:14,(anonymous_1)
FN:15,(anonymous_2)
FN:20,(anonymous_3)
FN:23,(anonymous_4)
FNF:5
FNH:5
FNDA:350,(anonymous_0)
FNDA:3,(anonymous_1)
FNDA:3,(anonymous_2)
FNDA:353,(anonymous_3)
FNDA:1,(anonymous_4)
DA:7,350
DA:8,350
DA:11,350
DA:15,3
DA:21,353
DA:23,353
DA:24,1
DA:25,1
DA:28,353
DA:37,353
DA:50,7
LF:11
LH:11
BRDA:28,0,0,351
BRDA:28,0,1,2
BRF:2
BRH:2
end_of_record
TN:
SF:/home/travis/build/CoorpAcademy/components/packages/@coorpacademy-components/src/atom/input-readonly/index.js
FN:5,(anonymous_0)
FNF:1
FNH:1
FNDA:1077,(anonymous_0)
DA:5,6
DA:6,1077
DA:8,1077
DA:23,6
LF:4
LH:4
BRF:0
BRH:0
end_of_record
TN:
SF:/home/travis/build/CoorpAcademy/components/packages/@coorpacademy-components/src/atom/input-switch/index.js
FN:8,(anonymous_0)
FN:13,(anonymous_1)
FNF:2
FNH:2
FNDA:7083,(anonymous_0)
FNDA:2,(anonymous_1)
DA:8,12
DA:9,7083
DA:11,7083
DA:12,7083
DA:13,7083
DA:15,7083
DA:17,7083
DA:22,7083
DA:24,7083
DA:42,12
LF:10
LH:10
BRDA:9,0,0,2498
BRDA:9,1,0,7081
BRDA:11,2,0,7083
BRDA:11,2,1,6121
BRDA:12,3,0,2
BRDA:12,3,1,7081
BRDA:15,4,0,4343
BRDA:15,4,1,2740
BRDA:17,5,0,1492
BRDA:17,5,1,5591
BRF:10
BRH:10
end_of_record
TN:
SF:/home/travis/build/CoorpAcademy/components/packages/@coorpacademy-components/src/atom/input-text/index.js
FN:8,(anonymous_0)
FN:22,(anonymous_1)
FNF:2
FNH:1
FNDA:6630,(anonymous_0)
FNDA:0,(anonymous_1)
DA:8,8
DA:19,6630
DA:21,6630
DA:22,6630
DA:23,6630
DA:25,6630
DA:48,8
LF:7
LH:7
BRDA:10,0,0,5577
BRDA:13,1,0,2342
BRDA:18,2,0,6628
BRDA:21,3,0,942
BRDA:21,3,1,5688
BRF:5
BRH:5
end_of_record
TN:
SF:/home/travis/build/CoorpAcademy/components/packages/@coorpacademy-components/src/atom/input-textarea/index.js
FN:6,(anonymous_0)
FN:10,(anonymous_1)
FNF:2
FNH:2
FNDA:8,(anonymous_0)
FNDA:2,(anonymous_1)
DA:6,7
DA:7,8
DA:9,8
DA:10,8
DA:12,8
DA:34,7
LF:6
LH:6
BRDA:7,0,0,1
BRDA:9,1,0,2
BRDA:9,1,1,6
BRF:3
BRH:3
end_of_record
TN:
SF:/home/travis/build/CoorpAcademy/components/packages/@coorpacademy-components/src/atom/label/index.js
FN:5,(anonymous_0)
FNF:1
FNH:1
FNDA:4,(anonymous_0)
DA:5,2
DA:6,4
DA:13,2
LF:3
LH:3
BRF:0
BRH:0
end_of_record
TN:
SF:/home/travis/build/CoorpAcademy/components/packages/@coorpacademy-components/src/atom/life/index.js
FN:16,(anonymous_0)
FN:29,(anonymous_1)
FNF:2
FNH:2
FNDA:3297,(anonymous_0)
FNDA:6594,(anonymous_1)
DA:11,8
DA:16,8
DA:17,3297
DA:25,3297
DA:26,3297
DA:27,3297
DA:29,3297
DA:30,6594
DA:31,26
DA:32,10
DA:34,6568
DA:37,3297
DA:80,8
DA:84,8
LF:14
LH:14
BRDA:19,0,0,3280
BRDA:20,1,0,0
BRDA:21,2,0,3270
BRDA:22,3,0,25
BRDA:30,4,0,26
BRDA:30,4,1,6568
BRDA:31,5,0,16
BRDA:31,5,1,10
BRDA:42,6,0,8
BRDA:42,6,1,3289
BRDA:42,7,0,3297
BRDA:42,7,1,13
BRDA:49,8,0,13
BRDA:49,8,1,3284
BRDA:57,9,0,8
BRDA:57,9,1,3289
BRDA:57,10,0,3297
BRDA:57,10,1,13
BRF:18
BRH:17
end_of_record
TN:
SF:/home/travis/build/CoorpAcademy/components/packages/@coorpacademy-components/src/atom/link/index.js
FN:9,(anonymous_0)
FN:19,(anonymous_1)
FN:20,(anonymous_2)
FN:27,(anonymous_3)
FN:28,(anonymous_4)
FN:35,(anonymous_5)
FN:44,(anonymous_6)
FNF:7
FNH:7
FNDA:54456,(anonymous_0)
FNDA:1,(anonymous_1)
FNDA:1,(anonymous_2)
FNDA:1,(anonymous_3)
FNDA:1,(anonymous_4)
FNDA:1,(anonymous_5)
FNDA:54459,(anonymous_6)
DA:10,54456
DA:11,54456
DA:14,54456
DA:15,54456
DA:16,54456
DA:20,1
DA:24,1
DA:28,1
DA:32,1
DA:36,1
DA:38,1
DA:39,1
DA:40,1
DA:45,54459
DA:46,54459
DA:47,54459
DA:48,54459
DA:53,54459
DA:59,54459
DA:80,59
DA:92,59
LF:21
LH:21
BRDA:24,0,0,1
BRDA:24,0,1,1
BRDA:32,1,0,1
BRDA:32,1,1,1
BRDA:36,2,0,1
BRDA:36,2,1,1
BRDA:38,3,0,1
BRDA:38,3,1,0
BRDA:45,4,0,54459
BRDA:45,5,0,54459
BRDA:48,6,0,53717
BRDA:48,6,1,742
BRDA:48,7,0,54459
BRDA:48,7,1,2985
BRDA:53,8,0,0
BRDA:53,8,1,54459
BRDA:53,9,0,54459
BRDA:53,9,1,3936
BRDA:63,10,0,51474
BRDA:63,10,1,2985
BRF:20
BRH:18
end_of_record
TN:
SF:/home/travis/build/CoorpAcademy/components/packages/@coorpacademy-components/src/atom/loader/index.js
FN:5,(anonymous_0)
FNF:1
FNH:1
FNDA:4218,(anonymous_0)
DA:5,31
DA:6,4218
LF:2
LH:2
BRF:0
BRH:0
end_of_record
TN:
SF:/home/travis/build/CoorpAcademy/components/packages/@coorpacademy-components/src/atom/notification/index.js
FN:12,(anonymous_0)
FNF:1
FNH:1
FNDA:598,(anonymous_0)
DA:6,4
DA:12,4
DA:13,598
DA:15,598
DA:17,598
DA:24,4
LF:6
LH:6
BRDA:15,0,0,598
BRDA:15,0,1,0
BRF:2
BRH:1
end_of_record
TN:
SF:/home/travis/build/CoorpAcademy/components/packages/@coorpacademy-components/src/atom/picture/index.js
FN:15,(anonymous_0)
FN:20,(anonymous_1)
FN:20,(anonymous_2)
FN:28,(anonymous_3)
FNF:4
FNH:4
FNDA:17934,(anonymous_0)
FNDA:12,(anonymous_1)
FNDA:8,(anonymous_2)
FNDA:17937,(anonymous_3)
DA:15,19
DA:16,17934
DA:17,6
DA:20,12
DA:28,19
DA:29,17937
DA:30,3
DA:33,17934
DA:36,19
LF:9
LH:9
BRDA:16,0,0,17928
BRDA:16,0,1,6
BRDA:29,1,0,3
BRDA:29,1,1,17934
BRF:4
BRH:4
end_of_record
TN:
SF:/home/travis/build/CoorpAcademy/components/packages/@coorpacademy-components/src/atom/picture-background/index.js
FN:13,(anonymous_0)
FNF:1
FNH:1
FNDA:8,(anonymous_0)
DA:8,2
DA:13,2
DA:14,8
DA:15,8
DA:16,8
DA:17,8
DA:19,8
DA:43,8
DA:55,2
LF:9
LH:9
BRDA:19,0,0,6
BRDA:19,0,1,2
BRF:2
BRH:2
end_of_record
TN:
SF:/home/travis/build/CoorpAcademy/components/packages/@coorpacademy-components/src/atom/promo-code/index.js
FN:6,(anonymous_0)
FNF:1
FNH:1
FNDA:128,(anonymous_0)
DA:6,3
DA:7,128
DA:9,128
DA:11,128
DA:40,3
DA:44,3
LF:6
LH:6
BRDA:19,0,0,128
BRDA:19,0,1,2
BRDA:20,1,0,128
BRDA:20,1,1,2
BRDA:28,2,0,128
BRDA:28,2,1,2
BRDA:32,3,0,128
BRDA:32,3,1,2
BRF:8
BRH:8
end_of_record
TN:
SF:/home/travis/build/CoorpAcademy/components/packages/@coorpacademy-components/src/atom/provider/index.js
FN:30,(anonymous_0)
FN:33,(anonymous_1)
FN:39,(anonymous_2)
FN:43,(anonymous_3)
FN:52,(anonymous_4)
FNF:5
FNH:5
FNDA:442,(anonymous_0)
FNDA:441,(anonymous_1)
FNDA:442,(anonymous_2)
FNDA:1,(anonymous_3)
FNDA:442,(anonymous_4)
DA:7,138
DA:30,442
DA:34,441
DA:35,441
DA:36,441
DA:40,442
DA:44,1
DA:45,1
DA:53,442
DA:57,138
DA:62,138
DA:76,138
DA:78,138
DA:88,138
LF:14
LH:14
BRDA:30,0,0,4
BRF:1
BRH:1
end_of_record
TN:
SF:/home/travis/build/CoorpAcademy/components/packages/@coorpacademy-components/src/atom/range/handle.js
FN:13,(anonymous_0)
FN:19,(anonymous_1)
FN:32,(anonymous_2)
FN:40,(anonymous_3)
FN:44,(anonymous_4)
FNF:5
FNH:5
FNDA:1976,(anonymous_0)
FNDA:19,(anonymous_1)
FNDA:3,(anonymous_2)
FNDA:22,(anonymous_3)
FNDA:2036,(anonymous_4)
DA:8,11
DA:14,1976
DA:16,1976
DA:21,19
DA:22,19
DA:24,19
DA:25,19
DA:26,19
DA:28,19
DA:33,3
DA:34,2
DA:35,2
DA:37,3
DA:41,22
DA:45,2036
DA:46,2036
DA:47,2036
DA:49,2036
DA:60,11
DA:64,11
LF:20
LH:20
BRDA:8,0,0,3
BRDA:21,1,0,19
BRDA:22,2,0,19
BRDA:22,3,0,2
BRDA:22,4,0,2
BRDA:33,5,0,2
BRDA:33,5,1,1
BRF:7
BRH:7
end_of_record
TN:
SF:/home/travis/build/CoorpAcademy/components/packages/@coorpacademy-components/src/atom/range/index.js
FN:11,(anonymous_0)
FN:16,(anonymous_1)
FN:26,(anonymous_2)
FN:42,(anonymous_3)
FN:47,(anonymous_4)
FN:50,(anonymous_5)
FN:54,(anonymous_6)
FN:61,(anonymous_7)
FN:68,(anonymous_8)
FN:75,(anonymous_9)
FN:82,(anonymous_10)
FN:91,(anonymous_11)
FN:100,(anonymous_12)
FN:108,(anonymous_13)
FN:126,(anonymous_14)
FN:149,(anonymous_15)
FNF:16
FNH:16
FNDA:29,(anonymous_0)
FNDA:893,(anonymous_1)
FNDA:869,(anonymous_2)
FNDA:6,(anonymous_3)
FNDA:5,(anonymous_4)
FNDA:12,(anonymous_5)
FNDA:3,(anonymous_6)
FNDA:7,(anonymous_7)
FNDA:3,(anonymous_8)
FNDA:7,(anonymous_9)
FNDA:29,(anonymous_10)
FNDA:29,(anonymous_11)
FNDA:29,(anonymous_12)
FNDA:9,(anonymous_13)
FNDA:904,(anonymous_14)
FNDA:904,(anonymous_15)
DA:11,10
DA:12,29
DA:13,29
DA:16,10
DA:17,893
DA:18,893
DA:27,869
DA:29,869
DA:34,869
DA:35,869
DA:36,869
DA:37,869
DA:38,869
DA:39,869
DA:43,6
DA:45,6
DA:47,5
DA:51,12
DA:55,3
DA:56,3
DA:57,3
DA:58,3
DA:62,7
DA:63,7
DA:64,7
DA:65,7
DA:69,3
DA:70,3
DA:71,3
DA:72,3
DA:76,7
DA:77,7
DA:78,7
DA:79,7
DA:83,29
DA:85,29
DA:87,29
DA:89,29
DA:91,29
DA:92,29
DA:93,29
DA:101,29
DA:103,29
DA:105,29
DA:109,9
DA:110,9
DA:111,9
DA:112,9
DA:113,9
DA:115,9
DA:117,8
DA:118,2
DA:119,2
DA:122,6
DA:123,6
DA:127,904
DA:129,904
DA:150,904
DA:151,904
DA:153,904
DA:154,904
DA:155,904
DA:156,904
DA:162,904
DA:174,10
DA:178,10
LF:66
LH:66
BRDA:17,0,0,132
BRDA:17,1,0,2
BRDA:17,2,0,1
BRDA:17,2,1,1
BRDA:20,3,0,759
BRDA:20,3,1,134
BRDA:45,4,0,1
BRDA:45,4,1,5
BRDA:89,5,0,4
BRDA:89,5,1,25
BRDA:95,6,0,10
BRDA:95,6,1,19
BRDA:101,7,0,2
BRDA:101,8,0,11
BRDA:101,9,0,8
BRDA:103,10,0,10
BRDA:103,10,1,19
BRDA:105,11,0,21
BRDA:105,11,1,8
BRDA:115,12,0,1
BRDA:115,12,1,8
BRDA:117,13,0,2
BRDA:117,13,1,6
BRDA:119,14,0,1
BRDA:119,14,1,1
BRDA:122,15,0,3
BRDA:122,15,1,3
BRDA:131,16,0,764
BRDA:131,16,1,140
BRDA:133,17,0,6
BRDA:133,17,1,758
BRDA:140,18,0,11
BRDA:140,18,1,893
BRDA:166,19,0,11
BRDA:166,19,1,893
BRF:35
BRH:35
end_of_record
TN:
SF:/home/travis/build/CoorpAcademy/components/packages/@coorpacademy-components/src/atom/resource-miniature/index.js
FN:14,(anonymous_0)
FNF:1
FNH:1
FNDA:2156,(anonymous_0)
DA:9,7
DA:14,7
DA:15,2156
DA:16,2156
DA:17,2156
DA:18,2156
DA:19,2156
DA:20,2156
DA:21,2156
DA:23,2156
DA:35,7
DA:43,7
LF:12
LH:12
BRDA:16,0,0,4
BRDA:17,1,0,843
BRDA:17,1,1,1313
BRDA:21,2,0,843
BRDA:21,2,1,1313
BRDA:27,3,0,1075
BRDA:27,3,1,1081
BRDA:27,4,0,2156
BRDA:27,4,1,1561
BRDA:28,5,0,595
BRDA:28,5,1,1561
BRF:11
BRH:11
end_of_record
TN:
SF:/home/travis/build/CoorpAcademy/components/packages/@coorpacademy-components/src/atom/select/index.js
FN:25,(anonymous_0)
FN:42,(anonymous_1)
FN:60,(anonymous_2)
FN:63,(anonymous_3)
FNF:4
FNH:4
FNDA:8455,(anonymous_0)
FNDA:25289,(anonymous_1)
FNDA:1,(anonymous_2)
FNDA:1,(anonymous_3)
DA:14,19
DA:25,19
DA:34,8455
DA:36,8455
DA:38,8455
DA:41,8455
DA:43,25289
DA:50,8455
DA:52,8455
DA:55,8455
DA:59,8455
DA:61,1
DA:64,1
DA:67,8455
DA:68,8455
DA:69,8455
DA:73,8455
DA:79,8455
DA:80,8455
DA:85,8455
DA:105,19
DA:111,19
DA:115,19
LF:23
LH:23
BRDA:27,0,0,678
BRDA:29,1,0,8450
BRDA:33,2,0,8453
BRDA:38,3,0,8455
BRDA:38,3,1,6732
BRDA:38,4,0,2
BRDA:38,4,1,6730
BRDA:41,5,0,8455
BRDA:41,5,1,8455
BRDA:50,6,0,8455
BRDA:50,6,1,6732
BRDA:52,7,0,5
BRDA:52,7,1,8450
BRDA:55,8,0,5
BRDA:55,8,1,8450
BRDA:59,9,0,5
BRDA:59,9,1,8450
BRDA:70,10,0,851
BRDA:70,10,1,7604
BRDA:70,11,0,8455
BRDA:70,11,1,7404
BRDA:70,11,2,7402
BRDA:73,12,0,8450
BRDA:73,12,1,5
BRDA:75,13,0,851
BRDA:75,13,1,7599
BRDA:75,14,0,8450
BRDA:75,14,1,7399
BRDA:75,14,2,7397
BRDA:81,15,0,5763
BRDA:81,15,1,2692
BRDA:82,16,0,7404
BRDA:82,16,1,1051
BRF:33
BRH:33
end_of_record
TN:
SF:/home/travis/build/CoorpAcademy/components/packages/@coorpacademy-components/src/atom/slide/index.js
FN:6,(anonymous_0)
FNF:1
FNH:1
FNDA:1212,(anonymous_0)
DA:6,5
DA:7,1212
DA:9,1212
DA:11,1212
DA:13,1212
DA:34,5
LF:6
LH:6
BRDA:7,0,0,1208
BRDA:21,1,0,244
BRDA:21,1,1,968
BRF:3
BRH:3
end_of_record
TN:
SF:/home/travis/build/CoorpAcademy/components/packages/@coorpacademy-components/src/atom/social-link/index.js
FN:17,(anonymous_0)
FNF:1
FNH:1
FNDA:2852,(anonymous_0)
DA:5,5
DA:17,5
DA:18,2852
DA:20,2852
DA:27,5
LF:5
LH:5
BRF:0
BRH:0
end_of_record
TN:
SF:/home/travis/build/CoorpAcademy/components/packages/@coorpacademy-components/src/atom/spinner/index.js
FN:4,(anonymous_0)
FNF:1
FNH:1
FNDA:2,(anonymous_0)
DA:4,2
DA:5,2
LF:2
LH:2
BRF:0
BRH:0
end_of_record
TN:
SF:/home/travis/build/CoorpAcademy/components/packages/@coorpacademy-components/src/atom/tab/index.js
FN:6,(anonymous_0)
FN:7,(anonymous_1)
FN:16,(anonymous_2)
FNF:3
FNH:3
FNDA:369,(anonymous_0)
FNDA:1,(anonymous_1)
FNDA:372,(anonymous_2)
DA:6,4
DA:7,369
DA:9,369
DA:17,372
DA:27,4
LF:5
LH:5
BRF:0
BRH:0
end_of_record
TN:
SF:/home/travis/build/CoorpAcademy/components/packages/@coorpacademy-components/src/atom/tab-content/index.js
FN:6,(anonymous_0)
FNF:1
FNH:1
FNDA:367,(anonymous_0)
DA:6,3
DA:7,367
DA:9,367
DA:12,367
DA:24,3
DA:28,3
LF:6
LH:6
BRDA:9,0,0,2
BRDA:9,0,1,365
BRF:2
BRH:2
end_of_record
TN:
SF:/home/travis/build/CoorpAcademy/components/packages/@coorpacademy-components/src/atom/title/index.js
FN:4,(anonymous_0)
FNF:1
FNH:1
FNDA:2,(anonymous_0)
DA:4,2
DA:5,2
DA:12,2
LF:3
LH:3
BRF:0
BRH:0
end_of_record
TN:
SF:/home/travis/build/CoorpAcademy/components/packages/@coorpacademy-components/src/molecule/answer/index.js
FN:13,(anonymous_0)
FN:21,(anonymous_1)
FN:24,(anonymous_2)
FNF:3
FNH:3
FNDA:632,(anonymous_0)
FNDA:34,(anonymous_1)
FNDA:34,(anonymous_2)
DA:13,4
DA:14,632
DA:21,4
DA:22,34
DA:24,34
DA:25,34
DA:27,34
DA:29,4
DA:31,8
DA:33,4
DA:35,6
DA:37,4
DA:39,0
DA:41,4
DA:44,34
DA:46,34
DA:54,4
LF:17
LH:16
BRDA:27,0,0,4
BRDA:27,0,1,8
BRDA:27,0,2,4
BRDA:27,0,3,6
BRDA:27,0,4,4
BRDA:27,0,5,0
BRDA:27,0,6,4
BRDA:48,1,0,22
BRDA:48,1,1,12
BRF:9
BRH:8
end_of_record
TN:
SF:/home/travis/build/CoorpAcademy/components/packages/@coorpacademy-components/src/molecule/app-player/popin/popin-header/index.js
FN:19,(anonymous_0)
FN:21,(anonymous_1)
FN:26,(anonymous_2)
FN:27,(anonymous_3)
FN:52,(anonymous_4)
FN:69,(anonymous_5)
FN:87,(anonymous_6)
FN:93,(anonymous_7)
FN:104,(anonymous_8)
FN:109,(anonymous_9)
FN:132,(anonymous_10)
FN:145,(anonymous_11)
FNF:12
FNH:12
FNDA:741,(anonymous_0)
FNDA:987,(anonymous_1)
FNDA:987,(anonymous_2)
FNDA:1728,(anonymous_3)
FNDA:2350,(anonymous_4)
FNDA:2350,(anonymous_5)
FNDA:2350,(anonymous_6)
FNDA:2350,(anonymous_7)
FNDA:4094,(anonymous_8)
FNDA:2352,(anonymous_9)
FNDA:1742,(anonymous_10)
FNDA:1742,(anonymous_11)
DA:19,741
DA:21,5
DA:22,987
DA:23,987
DA:26,5
DA:27,987
DA:28,1728
DA:29,1728
DA:40,987
DA:43,5
DA:52,5
DA:53,2350
DA:54,2350
DA:55,129
DA:65,5
DA:69,5
DA:70,2350
DA:71,2350
DA:73,129
DA:83,5
DA:87,5
DA:88,2350
DA:90,1974
DA:93,5
DA:94,2350
DA:95,2350
DA:104,5
DA:105,4094
DA:106,3845
DA:109,5
DA:110,2352
DA:111,2352
DA:112,2352
DA:119,2352
DA:132,5
DA:133,1742
DA:135,1742
DA:145,5
DA:146,1742
DA:148,1742
DA:150,1742
DA:167,5
DA:171,5
LF:43
LH:43
BRDA:34,0,0,494
BRDA:34,0,1,1234
BRDA:54,1,0,2221
BRDA:54,1,1,129
BRDA:71,2,0,2221
BRDA:71,2,1,129
BRDA:88,3,0,376
BRDA:88,3,1,1974
BRDA:105,4,0,249
BRDA:105,4,1,3845
BRDA:105,5,0,4094
BRDA:105,5,1,2352
BRDA:106,6,0,1730
BRDA:106,6,1,2115
BRDA:110,7,0,249
BRDA:114,8,0,129
BRDA:114,8,1,2223
BRDA:114,9,0,2352
BRDA:114,9,1,129
BRDA:122,10,0,249
BRDA:122,10,1,2103
BRDA:125,11,0,987
BRDA:125,11,1,1365
BRDA:125,12,0,2352
BRDA:125,12,1,987
BRDA:133,13,0,1742
BRDA:133,13,1,4
BRF:27
BRH:27
end_of_record
TN:
SF:/home/travis/build/CoorpAcademy/components/packages/@coorpacademy-components/src/molecule/battle-request/index.js
FN:10,(anonymous_0)
FNF:1
FNH:1
FNDA:737,(anonymous_0)
DA:10,4
DA:11,737
DA:12,737
DA:14,737
DA:15,737
DA:16,737
DA:18,737
DA:19,737
DA:21,737
DA:59,4
DA:64,4
LF:11
LH:11
BRF:0
BRH:0
end_of_record
TN:
SF:/home/travis/build/CoorpAcademy/components/packages/@coorpacademy-components/src/molecule/brand-card/index.js
FN:7,(anonymous_0)
FNF:1
FNH:1
FNDA:597,(anonymous_0)
DA:7,3
DA:8,597
DA:10,597
DA:30,3
LF:4
LH:4
BRF:0
BRH:0
end_of_record
TN:
SF:/home/travis/build/CoorpAcademy/components/packages/@coorpacademy-components/src/molecule/brand-card-create/index.js
FN:6,(anonymous_0)
FNF:1
FNH:1
FNDA:239,(anonymous_0)
DA:6,3
DA:7,239
DA:9,239
DA:21,3
LF:4
LH:4
BRF:0
BRH:0
end_of_record
TN:
SF:/home/travis/build/CoorpAcademy/components/packages/@coorpacademy-components/src/molecule/brand-create-form/index.js
FN:7,(anonymous_0)
FN:15,(anonymous_1)
FNF:2
FNH:1
FNDA:488,(anonymous_0)
FNDA:0,(anonymous_1)
DA:7,4
DA:8,488
DA:10,488
DA:13,488
DA:14,488
DA:15,488
DA:17,488
DA:44,4
LF:8
LH:8
BRDA:10,0,0,366
BRDA:10,0,1,122
BRDA:10,1,0,488
BRDA:10,1,1,243
BRDA:10,1,2,243
BRDA:13,2,0,121
BRDA:13,2,1,367
BRDA:14,3,0,488
BRDA:14,3,1,366
BRF:9
BRH:9
end_of_record
TN:
SF:/home/travis/build/CoorpAcademy/components/packages/@coorpacademy-components/src/molecule/brand-download-box/index.js
FN:9,(anonymous_0)
FNF:1
FNH:1
FNDA:712,(anonymous_0)
DA:9,7
DA:10,712
DA:11,712
DA:12,712
DA:14,712
DA:25,712
DA:33,7
DA:37,7
LF:8
LH:8
BRDA:10,0,0,357
BRDA:10,1,0,355
BRDA:10,2,0,0
BRDA:10,3,0,0
BRDA:10,4,0,0
BRDA:14,5,0,357
BRDA:14,5,1,355
BRF:7
BRH:4
end_of_record
TN:
SF:/home/travis/build/CoorpAcademy/components/packages/@coorpacademy-components/src/molecule/brand-form-group/index.js
FN:20,(anonymous_0)
FN:23,(anonymous_1)
FN:59,(anonymous_2)
FNF:3
FNH:3
FNDA:7386,(anonymous_0)
FNDA:19195,(anonymous_1)
FNDA:19195,(anonymous_2)
DA:20,5
DA:21,7386
DA:23,7386
DA:24,19195
DA:25,19195
DA:27,3540
DA:29,718
DA:31,1979
DA:33,0
DA:35,350
DA:37,1162
DA:39,1645
DA:41,2106
DA:43,242
DA:45,232
DA:47,6174
DA:49,356
DA:51,347
DA:53,344
DA:55,0
DA:59,7386
DA:60,19195
DA:62,19195
DA:69,7386
DA:70,7386
DA:83,5
LF:26
LH:24
BRDA:21,0,0,3404
BRDA:21,1,0,6684
BRDA:21,2,0,940
BRDA:25,3,0,3540
BRDA:25,3,1,718
BRDA:25,3,2,1979
BRDA:25,3,3,0
BRDA:25,3,4,350
BRDA:25,3,5,1162
BRDA:25,3,6,1645
BRDA:25,3,7,2106
BRDA:25,3,8,242
BRDA:25,3,9,232
BRDA:25,3,10,6174
BRDA:25,3,11,356
BRDA:25,3,12,347
BRDA:25,3,13,344
BRDA:25,3,14,0
BRDA:76,4,0,702
BRDA:76,4,1,6684
BRF:20
BRH:18
end_of_record
TN:
SF:/home/travis/build/CoorpAcademy/components/packages/@coorpacademy-components/src/molecule/brand-tabs/index.js
FN:6,(anonymous_0)
FN:18,(anonymous_1)
FNF:2
FNH:2
FNDA:8124,(anonymous_0)
FNDA:2031,(anonymous_1)
DA:6,3
DA:7,8124
DA:9,8124
DA:11,8124
DA:18,3
DA:19,2031
DA:21,2031
DA:23,2031
DA:30,3
LF:9
LH:9
BRDA:9,0,0,2031
BRDA:9,0,1,6093
BRF:2
BRH:2
end_of_record
TN:
SF:/home/travis/build/CoorpAcademy/components/packages/@coorpacademy-components/src/molecule/brand-upload-box/index.js
FN:10,(anonymous_0)
FN:21,(anonymous_1)
FN:27,(anonymous_2)
FN:33,(anonymous_3)
FNF:4
FNH:2
FNDA:938,(anonymous_0)
FNDA:0,(anonymous_1)
FNDA:0,(anonymous_2)
FNDA:938,(anonymous_3)
DA:11,938
DA:13,938
DA:17,938
DA:18,938
DA:22,0
DA:28,0
DA:34,938
DA:35,938
DA:39,938
DA:40,938
DA:42,938
DA:44,241
DA:49,241
DA:52,697
DA:75,938
DA:79,7
LF:16
LH:14
BRDA:39,0,0,0
BRDA:39,1,0,0
BRDA:42,2,0,241
BRDA:42,2,1,697
BRDA:54,3,0,0
BRDA:54,3,1,697
BRF:6
BRH:3
end_of_record
TN:
SF:/home/travis/build/CoorpAcademy/components/packages/@coorpacademy-components/src/molecule/breadcrumbs/index.js
FN:7,(anonymous_0)
FN:25,(anonymous_1)
FN:39,(anonymous_2)
FNF:3
FNH:3
FNDA:4084,(anonymous_0)
FNDA:4084,(anonymous_1)
FNDA:2042,(anonymous_2)
DA:7,3
DA:8,4084
DA:10,4084
DA:11,2042
DA:18,2042
DA:25,3
DA:26,4084
DA:28,4084
DA:30,4084
DA:39,3
DA:40,2042
DA:42,2042
DA:43,2042
DA:45,2042
DA:57,3
LF:15
LH:15
BRDA:10,0,0,2042
BRDA:10,0,1,2042
BRDA:28,1,0,2042
BRDA:28,1,1,2042
BRDA:40,2,0,0
BRF:5
BRH:4
end_of_record
TN:
SF:/home/travis/build/CoorpAcademy/components/packages/@coorpacademy-components/src/molecule/card/index.js
FN:18,(anonymous_0)
FN:23,(anonymous_1)
FN:28,(anonymous_2)
FNF:3
FNH:3
FNDA:10597,(anonymous_0)
FNDA:1706,(anonymous_1)
FNDA:10600,(anonymous_2)
DA:13,9
DA:18,9
DA:19,10597
DA:23,9
DA:24,1706
DA:28,9
DA:29,10600
DA:42,10600
DA:44,10600
DA:46,10600
DA:47,10600
DA:48,10600
DA:49,10600
DA:51,10600
DA:63,10600
DA:68,10600
DA:69,10600
DA:73,10600
DA:74,10600
DA:76,10600
DA:127,9
DA:131,9
LF:22
LH:22
BRDA:31,0,0,857
BRDA:36,1,0,8168
BRDA:44,2,0,9743
BRDA:44,2,1,857
BRDA:51,3,0,9138
BRDA:51,3,1,1462
BRDA:63,4,0,1216
BRDA:63,4,1,9384
BRDA:68,5,0,1462
BRDA:68,5,1,9138
BRDA:69,6,0,1824
BRDA:69,6,1,8776
BRDA:73,7,0,9743
BRDA:73,7,1,857
BRDA:74,8,0,9743
BRDA:74,8,1,857
BRDA:74,9,0,10600
BRDA:74,9,1,9743
BRDA:81,10,0,1216
BRDA:81,10,1,9384
BRDA:83,11,0,1824
BRDA:83,11,1,8776
BRDA:84,12,0,1824
BRDA:84,12,1,8776
BRDA:90,13,0,9743
BRDA:90,13,1,857
BRDA:94,14,0,10600
BRDA:94,14,1,8776
BRDA:102,15,0,10600
BRDA:102,15,1,8776
BRDA:107,16,0,10600
BRDA:107,16,1,8776
BRF:32
BRH:32
end_of_record
TN:
SF:/home/travis/build/CoorpAcademy/components/packages/@coorpacademy-components/src/molecule/dashboard/battle-request-list/index.js
FN:6,(anonymous_0)
FN:9,(anonymous_1)
FNF:2
FNH:2
FNDA:250,(anonymous_0)
FNDA:375,(anonymous_1)
DA:6,3
DA:7,250
DA:9,250
DA:10,375
DA:17,250
DA:24,3
LF:6
LH:6
BRF:0
BRH:0
end_of_record
TN:
SF:/home/travis/build/CoorpAcademy/components/packages/@coorpacademy-components/src/molecule/dashboard/cards-list/index.js
FN:17,(anonymous_0)
FN:35,(anonymous_1)
FN:62,(anonymous_2)
FN:72,(anonymous_3)
FN:76,(anonymous_4)
FN:85,(anonymous_5)
FN:86,(anonymous_6)
FN:91,(anonymous_7)
FN:95,(anonymous_8)
FN:99,(anonymous_9)
FN:103,(anonymous_10)
FN:107,(anonymous_11)
FN:111,(anonymous_12)
FN:115,(anonymous_13)
FN:117,(anonymous_14)
FN:118,(anonymous_15)
FN:125,(anonymous_16)
FN:130,(anonymous_17)
FN:133,(anonymous_18)
FN:140,(anonymous_19)
FN:149,(anonymous_20)
FN:158,(anonymous_21)
FN:159,(anonymous_22)
FN:178,(anonymous_23)
FN:195,(anonymous_24)
FN:201,(anonymous_25)
FNF:26
FNH:10
FNDA:365,(anonymous_0)
FNDA:495,(anonymous_1)
FNDA:1,(anonymous_2)
FNDA:0,(anonymous_3)
FNDA:1,(anonymous_4)
FNDA:3194,(anonymous_5)
FNDA:6,(anonymous_6)
FNDA:2,(anonymous_7)
FNDA:0,(anonymous_8)
FNDA:0,(anonymous_9)
FNDA:0,(anonymous_10)
FNDA:0,(anonymous_11)
FNDA:1,(anonymous_12)
FNDA:0,(anonymous_13)
FNDA:0,(anonymous_14)
FNDA:0,(anonymous_15)
FNDA:0,(anonymous_16)
FNDA:0,(anonymous_17)
FNDA:0,(anonymous_18)
FNDA:0,(anonymous_19)
FNDA:0,(anonymous_20)
FNDA:0,(anonymous_21)
FNDA:0,(anonymous_22)
FNDA:0,(anonymous_23)
FNDA:495,(anonymous_24)
FNDA:3194,(anonymous_25)
DA:17,5
DA:18,365
DA:19,365
DA:20,365
DA:22,365
DA:30,5
DA:36,495
DA:37,495
DA:39,495
DA:48,495
DA:49,495
DA:50,495
DA:51,495
DA:52,495
DA:53,495
DA:54,495
DA:55,495
DA:56,495
DA:57,495
DA:58,495
DA:59,495
DA:63,1
DA:65,1
DA:66,1
DA:69,1
DA:73,0
DA:77,1
DA:79,1
DA:80,1
DA:82,1
DA:86,3194
DA:87,6
DA:92,2
DA:96,0
DA:100,0
DA:104,0
DA:108,0
DA:112,1
DA:116,0
DA:118,0
DA:119,0
DA:126,0
DA:127,0
DA:128,0
DA:130,0
DA:131,0
DA:133,0
DA:134,0
DA:136,0
DA:141,0
DA:142,0
DA:143,0
DA:146,0
DA:150,0
DA:151,0
DA:152,0
DA:155,0
DA:159,0
DA:160,0
DA:163,0
DA:164,0
DA:167,0
DA:168,0
DA:171,0
DA:174,0
DA:175,0
DA:179,0
DA:180,0
DA:181,0
DA:183,0
DA:192,0
DA:196,495
DA:197,495
DA:199,495
DA:201,495
DA:202,3194
DA:209,495
DA:213,495
DA:216,495
DA:219,495
DA:222,495
DA:242,5
DA:246,5
LF:83
LH:45
BRDA:65,0,0,1
BRDA:65,0,1,0
BRDA:79,1,0,1
BRDA:79,1,1,0
BRDA:126,2,0,0
BRDA:126,2,1,0
BRDA:134,3,0,0
BRDA:134,3,1,0
BRDA:142,4,0,0
BRDA:142,4,1,0
BRDA:151,5,0,0
BRDA:151,5,1,0
BRDA:160,6,0,0
BRDA:160,6,1,0
BRDA:163,7,0,0
BRDA:163,7,1,0
BRDA:167,8,0,0
BRDA:167,8,1,0
BRDA:171,9,0,0
BRDA:171,9,1,0
BRDA:185,10,0,0
BRDA:185,10,1,0
BRDA:188,11,0,0
BRDA:188,11,1,0
BRDA:192,12,0,0
BRDA:192,12,1,0
BRDA:209,13,0,495
BRDA:209,13,1,0
BRDA:213,14,0,495
BRDA:213,14,1,0
BRDA:216,15,0,243
BRDA:216,15,1,252
BRDA:216,16,0,495
BRDA:216,16,1,494
BRDA:219,17,0,243
BRDA:219,17,1,252
BRDA:219,18,0,495
BRDA:219,18,1,243
BRF:38
BRH:12
end_of_record
TN:
SF:/home/travis/build/CoorpAcademy/components/packages/@coorpacademy-components/src/molecule/dashboard/news-list/index.js
FN:7,(anonymous_0)
FN:23,(anonymous_1)
FNF:2
FNH:2
FNDA:241,(anonymous_0)
FNDA:723,(anonymous_1)
DA:7,3
DA:8,241
DA:11,241
DA:16,241
DA:23,241
DA:24,723
DA:31,241
DA:44,3
LF:8
LH:8
BRDA:8,0,0,239
BRDA:16,1,0,2
BRDA:16,1,1,239
BRDA:38,2,0,2
BRDA:38,2,1,239
BRF:5
BRH:5
end_of_record
TN:
SF:/home/travis/build/CoorpAcademy/components/packages/@coorpacademy-components/src/molecule/dashboard/start-battle/index.js
FN:9,(anonymous_0)
FNF:1
FNH:1
FNDA:243,(anonymous_0)
DA:9,3
DA:10,243
DA:11,243
DA:13,243
DA:14,243
DA:16,243
DA:42,3
DA:46,3
LF:8
LH:8
BRF:0
BRH:0
end_of_record
TN:
SF:/home/travis/build/CoorpAcademy/components/packages/@coorpacademy-components/src/molecule/discipline-cta/index.js
FN:7,(anonymous_0)
FNF:1
FNH:1
FNDA:858,(anonymous_0)
DA:7,3
DA:8,858
DA:10,858
DA:13,858
DA:21,858
DA:29,858
DA:32,858
DA:45,858
DA:50,858
DA:58,3
DA:62,3
LF:11
LH:11
BRDA:32,0,0,858
BRDA:32,0,1,612
BRDA:45,1,0,858
BRDA:45,1,1,614
BRF:4
BRH:4
end_of_record
TN:
SF:/home/travis/build/CoorpAcademy/components/packages/@coorpacademy-components/src/molecule/discipline-header/index.js
FN:8,(anonymous_0)
FN:25,(anonymous_1)
FN:33,(anonymous_2)
FN:34,(anonymous_3)
FN:39,(anonymous_4)
FNF:5
FNH:3
FNDA:1233,(anonymous_0)
FNDA:867,(anonymous_1)
FNDA:0,(anonymous_2)
FNDA:0,(anonymous_3)
FNDA:867,(anonymous_4)
DA:8,3
DA:9,1233
DA:10,1233
DA:12,1233
DA:13,616
DA:15,617
DA:19,3
DA:26,867
DA:27,867
DA:30,867
DA:34,0
DA:40,867
DA:41,867
DA:43,867
DA:45,867
DA:71,3
DA:75,3
LF:17
LH:16
BRDA:12,0,0,616
BRDA:12,0,1,617
BRDA:43,1,0,0
BRDA:43,1,1,867
BRDA:54,2,0,0
BRDA:54,2,1,867
BRF:6
BRH:4
end_of_record
TN:
SF:/home/travis/build/CoorpAcademy/components/packages/@coorpacademy-components/src/molecule/discipline-partners/index.js
FN:15,(anonymous_0)
FN:22,(anonymous_1)
FN:56,(anonymous_2)
FNF:3
FNH:3
FNDA:857,(anonymous_0)
FNDA:980,(anonymous_1)
FNDA:1472,(anonymous_2)
DA:15,3
DA:16,857
DA:18,857
DA:20,857
DA:21,857
DA:22,857
DA:23,980
DA:24,980
DA:25,980
DA:26,980
DA:27,980
DA:30,980
DA:43,980
DA:56,980
DA:57,1472
DA:63,980
DA:68,980
DA:76,980
DA:87,980
DA:95,857
DA:104,3
DA:109,3
LF:22
LH:22
BRDA:18,0,0,2
BRDA:20,1,0,857
BRDA:20,1,1,857
BRDA:63,2,0,980
BRDA:63,2,1,980
BRDA:68,3,0,980
BRDA:68,3,1,0
BRDA:76,4,0,980
BRDA:76,4,1,0
BRDA:76,5,0,980
BRDA:76,5,1,2
BRDA:76,5,2,0
BRDA:78,6,0,980
BRDA:78,6,1,0
BRDA:79,7,0,974
BRDA:79,7,1,6
BRDA:80,8,0,6
BRDA:80,8,1,974
BRDA:80,9,0,980
BRDA:80,9,1,6
BRDA:95,10,0,492
BRDA:95,10,1,365
BRF:22
BRH:18
end_of_record
TN:
SF:/home/travis/build/CoorpAcademy/components/packages/@coorpacademy-components/src/molecule/discipline-scope/index.js
FN:6,(anonymous_0)
FNF:1
FNH:1
FNDA:832,(anonymous_0)
DA:6,3
DA:7,832
DA:9,832
DA:17,3
LF:4
LH:4
BRDA:7,0,0,2
BRDA:7,1,0,242
BRF:2
BRH:2
end_of_record
TN:
SF:/home/travis/build/CoorpAcademy/components/packages/@coorpacademy-components/src/molecule/filters/index.js
FN:11,(anonymous_0)
FN:23,(anonymous_1)
FN:37,(anonymous_2)
FN:51,(anonymous_3)
FN:62,(anonymous_4)
FNF:5
FNH:5
FNDA:265,(anonymous_0)
FNDA:1,(anonymous_1)
FNDA:1,(anonymous_2)
FNDA:1,(anonymous_3)
FNDA:268,(anonymous_4)
DA:12,265
DA:13,265
DA:18,265
DA:19,265
DA:20,265
DA:24,1
DA:26,1
DA:32,1
DA:33,1
DA:38,1
DA:40,1
DA:46,1
DA:47,1
DA:52,1
DA:57,1
DA:58,1
DA:73,268
DA:74,268
DA:75,268
DA:76,268
DA:77,268
DA:78,268
DA:79,268
DA:81,268
DA:87,268
DA:93,268
DA:103,268
DA:109,268
DA:116,268
DA:121,268
DA:189,4
DA:193,4
LF:32
LH:32
BRDA:32,0,0,1
BRDA:32,0,1,0
BRDA:46,1,0,1
BRDA:46,1,1,0
BRDA:57,2,0,1
BRDA:57,2,1,0
BRDA:81,3,0,258
BRDA:81,3,1,10
BRDA:87,4,0,260
BRDA:87,4,1,8
BRDA:93,5,0,254
BRDA:93,5,1,14
BRDA:103,6,0,254
BRDA:103,6,1,14
BRDA:109,7,0,262
BRDA:109,7,1,6
BRDA:116,8,0,268
BRDA:116,8,1,8
BRDA:116,8,2,6
BRDA:116,8,3,6
BRDA:126,9,0,7
BRDA:126,9,1,261
BRDA:138,10,0,3
BRDA:138,10,1,265
BRDA:149,11,0,7
BRDA:149,11,1,261
BRDA:151,12,0,6
BRDA:151,12,1,262
BRDA:170,13,0,3
BRDA:170,13,1,265
BRF:30
BRH:27
end_of_record
TN:
SF:/home/travis/build/CoorpAcademy/components/packages/@coorpacademy-components/src/molecule/forum/post-conditions.js
FNF:0
FNH:0
LF:0
LH:0
BRF:0
BRH:0
end_of_record
TN:
SF:/home/travis/build/CoorpAcademy/components/packages/@coorpacademy-components/src/molecule/forum/forum-comment/index.js
FN:8,(anonymous_0)
FNF:1
FNH:1
FNDA:18047,(anonymous_0)
DA:8,5
DA:9,18047
DA:10,18047
DA:12,18047
DA:18,18047
DA:29,18047
DA:47,5
DA:51,5
LF:8
LH:8
BRDA:12,0,0,18047
BRDA:12,0,1,375
BRF:2
BRH:2
end_of_record
TN:
SF:/home/travis/build/CoorpAcademy/components/packages/@coorpacademy-components/src/molecule/forum/forum-post/index.js
FN:9,(anonymous_0)
FNF:1
FNH:1
FNDA:7653,(anonymous_0)
DA:9,4
DA:10,7653
DA:38,7653
DA:40,7653
DA:41,7653
DA:42,7653
DA:43,7653
DA:44,7653
DA:45,7653
DA:47,7653
DA:48,7653
DA:49,2
DA:50,7651
DA:51,2
DA:54,7653
DA:136,4
DA:140,4
LF:17
LH:17
BRDA:17,0,0,7651
BRDA:18,1,0,7651
BRDA:20,2,0,7653
BRDA:21,3,0,12
BRDA:22,4,0,7647
BRDA:23,5,0,7651
BRDA:24,6,0,7651
BRDA:26,7,0,7651
BRDA:27,8,0,7651
BRDA:28,9,0,7651
BRDA:29,10,0,7651
BRDA:30,11,0,7653
BRDA:31,12,0,7653
BRDA:32,13,0,7653
BRDA:33,14,0,7653
BRDA:34,15,0,7653
BRDA:35,16,0,7653
BRDA:48,17,0,2
BRDA:48,17,1,7651
BRDA:50,18,0,2
BRDA:50,18,1,7649
BRDA:55,19,0,2
BRDA:55,19,1,7651
BRDA:69,20,0,7649
BRDA:69,20,1,4
BRDA:69,21,0,7653
BRDA:69,21,1,7653
BRDA:69,21,2,7651
BRDA:79,22,0,7639
BRDA:79,22,1,14
BRDA:89,23,0,7639
BRDA:89,23,1,14
BRDA:99,24,0,4
BRDA:99,24,1,7649
BRDA:102,25,0,2
BRDA:102,25,1,7651
BRDA:106,26,0,2
BRDA:106,26,1,7651
BRDA:109,27,0,2
BRDA:109,27,1,7651
BRDA:120,28,0,2
BRDA:120,28,1,7651
BRF:42
BRH:42
end_of_record
TN:
SF:/home/travis/build/CoorpAcademy/components/packages/@coorpacademy-components/src/molecule/forum/forum-thread/index.js
FN:6,(anonymous_0)
FN:8,(anonymous_1)
FNF:2
FNH:2
FNDA:7273,(anonymous_0)
FNDA:5254,(anonymous_1)
DA:6,3
DA:7,7273
DA:8,7273
DA:9,5254
DA:12,7273
DA:22,3
LF:6
LH:6
BRDA:7,0,0,5246
BRF:1
BRH:1
end_of_record
TN:
SF:/home/travis/build/CoorpAcademy/components/packages/@coorpacademy-components/src/molecule/menu-list/index.js
FN:13,(anonymous_0)
FN:16,(anonymous_1)
FNF:2
FNH:2
FNDA:126,(anonymous_0)
FNDA:756,(anonymous_1)
DA:8,4
DA:13,4
DA:14,126
DA:16,126
DA:17,756
DA:20,756
DA:25,756
DA:35,126
DA:48,4
LF:9
LH:9
BRDA:14,0,0,0
BRDA:17,1,0,630
BRDA:20,2,0,756
BRDA:20,2,1,378
BRDA:26,3,0,252
BRDA:26,3,1,504
BRDA:27,4,0,126
BRDA:27,4,1,630
BRF:8
BRH:7
end_of_record
TN:
SF:/home/travis/build/CoorpAcademy/components/packages/@coorpacademy-components/src/molecule/module-bubble/index.js
FN:11,(anonymous_0)
FNF:1
FNH:1
FNDA:3439,(anonymous_0)
DA:11,6
DA:12,3439
DA:15,3439
DA:17,3439
DA:18,3439
DA:20,3439
DA:22,3439
DA:24,3439
DA:42,6
DA:46,6
LF:10
LH:10
BRDA:20,0,0,3439
BRDA:20,0,1,3437
BRDA:25,1,0,0
BRDA:25,1,1,3439
BRDA:30,2,0,2
BRDA:30,2,1,3437
BRF:6
BRH:5
end_of_record
TN:
SF:/home/travis/build/CoorpAcademy/components/packages/@coorpacademy-components/src/molecule/module-card/index.js
FN:6,ModuleCard
FNF:1
FNH:1
FNDA:4,ModuleCard
DA:7,4
DA:9,4
DA:24,2
LF:3
LH:3
BRF:0
BRH:0
end_of_record
TN:
SF:/home/travis/build/CoorpAcademy/components/packages/@coorpacademy-components/src/molecule/news/index.js
FN:7,(anonymous_0)
FNF:1
FNH:1
FNDA:1800,(anonymous_0)
DA:7,4
DA:8,1800
DA:10,1800
DA:42,4
LF:4
LH:4
BRF:0
BRH:0
end_of_record
TN:
SF:/home/travis/build/CoorpAcademy/components/packages/@coorpacademy-components/src/molecule/pagination/index.js
FN:6,(anonymous_0)
FNF:1
FNH:1
FNDA:483,(anonymous_0)
DA:6,4
DA:7,483
DA:9,483
DA:24,4
LF:4
LH:4
BRDA:13,0,0,483
BRDA:13,0,1,0
BRDA:16,1,0,481
BRDA:16,1,1,2
BRF:4
BRH:3
end_of_record
TN:
SF:/home/travis/build/CoorpAcademy/components/packages/@coorpacademy-components/src/molecule/payment-form/index.js
FN:7,(anonymous_0)
FN:16,(anonymous_1)
FN:50,(anonymous_2)
FN:65,(anonymous_3)
FN:67,(anonymous_4)
FN:73,(anonymous_5)
FN:74,(anonymous_6)
FN:78,(anonymous_7)
FN:79,(anonymous_8)
FN:83,(anonymous_9)
FN:84,(anonymous_10)
FN:88,(anonymous_11)
FNF:12
FNH:2
FNDA:127,(anonymous_0)
FNDA:0,(anonymous_1)
FNDA:0,(anonymous_2)
FNDA:0,(anonymous_3)
FNDA:0,(anonymous_4)
FNDA:0,(anonymous_5)
FNDA:0,(anonymous_6)
FNDA:0,(anonymous_7)
FNDA:0,(anonymous_8)
FNDA:0,(anonymous_9)
FNDA:0,(anonymous_10)
FNDA:127,(anonymous_11)
DA:8,127
DA:9,127
DA:10,127
DA:11,127
DA:12,127
DA:13,127
DA:17,0
DA:18,0
DA:20,0
DA:36,0
DA:37,0
DA:38,0
DA:40,0
DA:41,0
DA:42,0
DA:44,0
DA:45,0
DA:46,0
DA:51,0
DA:52,0
DA:53,0
DA:55,0
DA:56,0
DA:57,0
DA:59,0
DA:60,0
DA:61,0
DA:66,0
DA:67,0
DA:68,0
DA:74,0
DA:75,0
DA:79,0
DA:80,0
DA:84,0
DA:85,0
DA:100,127
DA:102,127
DA:104,127
DA:154,3
DA:158,3
LF:41
LH:11
BRDA:9,0,0,127
BRDA:9,0,1,0
BRDA:17,1,0,0
BRDA:17,1,1,0
BRDA:51,2,0,0
BRDA:51,2,1,0
BRDA:55,3,0,0
BRDA:55,3,1,0
BRDA:59,4,0,0
BRDA:59,4,1,0
BRDA:66,5,0,0
BRDA:66,5,1,0
BRDA:74,6,0,0
BRDA:79,7,0,0
BRDA:84,8,0,0
BRDA:116,9,0,127
BRDA:116,9,1,2
BRDA:117,10,0,127
BRDA:117,10,1,2
BRDA:124,11,0,127
BRDA:124,11,1,2
BRDA:130,12,0,127
BRDA:130,12,1,2
BRDA:134,13,0,127
BRDA:134,13,1,2
BRF:25
BRH:11
end_of_record
TN:
SF:/home/travis/build/CoorpAcademy/components/packages/@coorpacademy-components/src/molecule/pdf/index.js
FN:9,(anonymous_0)
FNF:1
FNH:1
FNDA:363,(anonymous_0)
DA:9,7
DA:10,363
DA:11,363
DA:13,363
DA:14,363
DA:16,363
DA:30,7
DA:35,7
LF:8
LH:8
BRF:0
BRH:0
end_of_record
TN:
SF:/home/travis/build/CoorpAcademy/components/packages/@coorpacademy-components/src/molecule/product-card/index.js
FN:7,(anonymous_0)
FN:24,(anonymous_1)
FNF:2
FNH:2
FNDA:125,(anonymous_0)
FNDA:750,(anonymous_1)
DA:7,3
DA:8,125
DA:10,125
DA:12,125
DA:21,125
DA:22,125
DA:24,125
DA:25,750
DA:33,125
DA:51,3
DA:55,3
LF:11
LH:11
BRF:0
BRH:0
end_of_record
TN:
SF:/home/travis/build/CoorpAcademy/components/packages/@coorpacademy-components/src/molecule/progress-bar/index.js
FN:6,(anonymous_0)
FNF:1
FNH:1
FNDA:239,(anonymous_0)
DA:6,4
DA:7,239
DA:9,239
DA:10,239
DA:11,239
DA:13,239
DA:29,4
LF:7
LH:7
BRDA:7,0,0,0
BRF:1
BRH:0
end_of_record
TN:
SF:/home/travis/build/CoorpAcademy/components/packages/@coorpacademy-components/src/molecule/questions/drop-down/index.js
FN:10,(anonymous_0)
FNF:1
FNH:1
FNDA:978,(anonymous_0)
DA:10,6
DA:11,978
DA:13,978
DA:14,978
DA:16,978
DA:18,978
DA:25,6
LF:7
LH:7
BRDA:14,0,0,246
BRDA:14,0,1,732
BRF:2
BRH:2
end_of_record
TN:
SF:/home/travis/build/CoorpAcademy/components/packages/@coorpacademy-components/src/molecule/questions/free-text/index.js
FN:9,(anonymous_0)
FN:12,(anonymous_1)
FNF:2
FNH:1
FNDA:499,(anonymous_0)
FNDA:0,(anonymous_1)
DA:9,6
DA:10,499
DA:12,499
DA:13,499
DA:15,499
DA:34,6
DA:38,6
LF:7
LH:7
BRDA:10,0,0,0
BRDA:10,1,0,130
BRDA:13,2,0,125
BRDA:13,2,1,374
BRDA:13,3,0,499
BRDA:13,3,1,376
BRF:6
BRH:5
end_of_record
TN:
SF:/home/travis/build/CoorpAcademy/components/packages/@coorpacademy-components/src/molecule/questions/qcm/index.js
FN:9,(anonymous_0)
FN:11,(anonymous_1)
FN:13,(anonymous_2)
FNF:3
FNH:3
FNDA:742,(anonymous_0)
FNDA:5306,(anonymous_1)
FNDA:5306,(anonymous_2)
DA:9,8
DA:10,742
DA:11,5306
DA:13,742
DA:14,5306
DA:15,5306
DA:17,5306
DA:18,5306
DA:20,5306
DA:25,5306
DA:38,742
DA:45,8
DA:49,8
LF:13
LH:13
BRDA:18,0,0,1354
BRDA:18,0,1,3952
BRDA:21,1,0,742
BRDA:21,1,1,4564
BRDA:22,2,0,1354
BRDA:22,2,1,3952
BRF:6
BRH:6
end_of_record
TN:
SF:/home/travis/build/CoorpAcademy/components/packages/@coorpacademy-components/src/molecule/questions/qcm-drag/index.js
FN:18,(anonymous_0)
FN:27,(anonymous_1)
FN:28,(anonymous_2)
FN:48,(anonymous_3)
FN:51,(anonymous_4)
FN:79,(anonymous_5)
FNF:6
FNH:6
FNDA:124,(anonymous_0)
FNDA:857,(anonymous_1)
FNDA:6856,(anonymous_2)
FNDA:857,(anonymous_3)
FNDA:1466,(anonymous_4)
FNDA:613,(anonymous_5)
DA:9,9
DA:18,9
DA:19,124
DA:23,9
DA:27,9
DA:28,857
DA:29,6856
DA:30,6856
DA:37,857
DA:44,9
DA:48,9
DA:49,857
DA:51,857
DA:52,1466
DA:53,1466
DA:60,857
DA:61,733
DA:67,124
DA:75,9
DA:79,9
DA:80,613
DA:87,9
DA:91,9
LF:23
LH:23
BRDA:31,0,0,1466
BRDA:31,0,1,5390
BRDA:60,1,0,733
BRDA:60,1,1,124
BRF:4
BRH:4
end_of_record
TN:
SF:/home/travis/build/CoorpAcademy/components/packages/@coorpacademy-components/src/molecule/questions/qcm-graphic/index.js
FN:7,(anonymous_0)
FN:10,(anonymous_1)
FNF:2
FNH:2
FNDA:496,(anonymous_0)
FNDA:3960,(anonymous_1)
DA:7,8
DA:8,496
DA:10,496
DA:11,3960
DA:12,3960
DA:14,3960
DA:15,3960
DA:17,3960
DA:37,496
DA:44,8
DA:48,8
LF:11
LH:11
BRDA:15,0,0,988
BRDA:15,0,1,2972
BRDA:19,1,0,988
BRDA:19,1,1,2972
BRF:4
BRH:4
end_of_record
TN:
SF:/home/travis/build/CoorpAcademy/components/packages/@coorpacademy-components/src/molecule/questions/question-range/index.js
FN:8,(anonymous_0)
FNF:1
FNH:1
FNDA:2,(anonymous_0)
DA:8,5
DA:9,2
DA:11,2
DA:12,2
DA:14,2
DA:18,2
DA:30,5
DA:34,5
LF:8
LH:8
BRF:0
BRH:0
end_of_record
TN:
SF:/home/travis/build/CoorpAcademy/components/packages/@coorpacademy-components/src/molecule/questions/template/index.js
FN:10,(anonymous_0)
FN:12,(anonymous_1)
FNF:2
FNH:2
FNDA:128,(anonymous_0)
FNDA:1144,(anonymous_1)
DA:10,5
DA:11,128
DA:12,128
DA:13,1144
DA:14,1144
DA:15,636
DA:17,508
DA:18,508
DA:19,508
DA:23,508
DA:31,128
DA:38,5
DA:44,5
DA:50,5
LF:14
LH:14
BRDA:14,0,0,636
BRDA:14,0,1,508
BRDA:17,1,0,508
BRDA:17,1,1,0
BRDA:19,2,0,128
BRDA:19,2,1,380
BRF:6
BRH:5
end_of_record
TN:
SF:/home/travis/build/CoorpAcademy/components/packages/@coorpacademy-components/src/molecule/scope-content/index.js
FN:11,(anonymous_0)
FN:30,(anonymous_1)
FN:32,(anonymous_2)
FN:47,(anonymous_3)
FNF:4
FNH:4
FNDA:1298,(anonymous_0)
FNDA:1876,(anonymous_1)
FNDA:2814,(anonymous_2)
FNDA:2768,(anonymous_3)
DA:11,4
DA:12,1298
DA:13,1298
DA:15,1298
DA:16,1298
DA:18,1298
DA:19,1298
DA:20,1298
DA:21,1298
DA:22,1298
DA:24,1298
DA:25,1298
DA:27,1298
DA:28,1298
DA:30,1876
DA:32,2814
DA:35,1298
DA:47,1298
DA:48,2768
DA:49,2768
DA:51,2768
DA:71,1298
DA:77,1298
DA:114,4
DA:119,4
LF:25
LH:25
BRDA:35,0,0,1298
BRDA:35,0,1,236
BRDA:48,1,0,1384
BRDA:62,2,0,1384
BRDA:62,2,1,1384
BRDA:71,3,0,692
BRDA:71,3,1,606
BRF:7
BRH:7
end_of_record
TN:
SF:/home/travis/build/CoorpAcademy/components/packages/@coorpacademy-components/src/molecule/scope-tabs/index.js
FN:9,(anonymous_0)
FN:19,(anonymous_1)
FN:20,(anonymous_2)
FNF:3
FNH:2
FNDA:1313,(anonymous_0)
FNDA:2850,(anonymous_1)
FNDA:0,(anonymous_2)
DA:9,4
DA:10,1313
DA:12,1313
DA:14,1313
DA:16,1313
DA:20,2850
DA:21,2850
DA:22,2850
DA:31,2850
DA:33,2850
DA:42,2850
DA:48,2850
DA:67,4
DA:71,4
LF:14
LH:14
BRDA:12,0,0,2
BRDA:18,1,0,1313
BRDA:18,1,1,1311
BRDA:22,2,0,950
BRDA:22,2,1,1900
BRDA:33,3,0,123
BRDA:33,3,1,2727
BRDA:33,4,0,2850
BRDA:33,4,1,950
BRDA:42,5,0,2850
BRDA:42,5,1,0
BRDA:54,6,0,950
BRDA:54,6,1,1900
BRF:13
BRH:12
end_of_record
TN:
SF:/home/travis/build/CoorpAcademy/components/packages/@coorpacademy-components/src/molecule/search/index.js
FN:9,(anonymous_0)
FN:13,(anonymous_1)
FNF:2
FNH:1
FNDA:485,(anonymous_0)
FNDA:0,(anonymous_1)
DA:9,4
DA:10,485
DA:11,485
DA:12,485
DA:13,485
DA:15,485
DA:30,4
DA:34,4
LF:8
LH:8
BRF:0
BRH:0
end_of_record
TN:
SF:/home/travis/build/CoorpAcademy/components/packages/@coorpacademy-components/src/molecule/setup-section/index.js
FN:10,(anonymous_0)
FNF:1
FNH:1
FNDA:1415,(anonymous_0)
DA:10,7
DA:11,1415
DA:12,1415
DA:13,1415
DA:15,1415
DA:16,1415
DA:17,1415
DA:19,1415
DA:44,7
DA:49,7
LF:10
LH:10
BRDA:16,0,0,945
BRDA:16,0,1,470
BRDA:17,1,0,942
BRDA:17,1,1,473
BRDA:31,2,0,945
BRDA:31,2,1,470
BRDA:36,3,0,942
BRDA:36,3,1,473
BRF:8
BRH:8
end_of_record
TN:
SF:/home/travis/build/CoorpAcademy/components/packages/@coorpacademy-components/src/molecule/setup-sections/index.js
FN:7,(anonymous_0)
FN:19,(anonymous_1)
FNF:2
FNH:2
FNDA:355,(anonymous_0)
FNDA:1059,(anonymous_1)
DA:7,6
DA:8,355
DA:10,355
DA:12,355
DA:13,2
DA:19,353
DA:20,1059
DA:21,1059
DA:23,1059
DA:31,355
DA:38,6
LF:11
LH:11
BRDA:8,0,0,353
BRDA:12,1,0,2
BRDA:12,1,1,353
BRDA:20,2,0,353
BRDA:20,2,1,706
BRDA:21,3,0,353
BRDA:21,3,1,706
BRF:7
BRH:7
end_of_record
TN:
SF:/home/travis/build/CoorpAcademy/components/packages/@coorpacademy-components/src/molecule/setup-slide/index.js
FN:11,(anonymous_0)
FN:14,(anonymous_1)
FN:30,(anonymous_2)
FNF:3
FNH:3
FNDA:1409,(anonymous_0)
FNDA:4227,(anonymous_1)
FNDA:4227,(anonymous_2)
DA:11,7
DA:12,1409
DA:14,1409
DA:15,4227
DA:16,4227
DA:18,1409
DA:20,1409
DA:22,0
DA:24,1409
DA:26,0
DA:30,1409
DA:31,4227
DA:33,4227
DA:40,1409
DA:42,1409
DA:49,7
LF:16
LH:14
BRDA:12,0,0,0
BRDA:16,1,0,1409
BRDA:16,1,1,1409
[...]
DA:12,2
DA:13,2057
DA:15,2057
DA:16,484
DA:23,2057
DA:24,2057
DA:26,2057
DA:28,1573
DA:30,121
DA:32,363
DA:34,0
DA:38,2057
DA:56,2
LF:13
LH:12
BRDA:13,0,0,0
BRDA:26,1,0,1573
BRDA:26,1,1,121
BRDA:26,1,2,363
BRDA:26,1,3,0
BRF:5
BRH:3
end_of_record
TN:
SF:/home/travis/build/CoorpAcademy/components/packages/@coorpacademy-components/src/template/back-office/layout/index.js
FN:5,(anonymous_0)
FN:6,Layout
FNF:2
FNH:2
FNDA:6,(anonymous_0)
FNDA:46,Layout
DA:5,4
DA:6,6
DA:7,46
LF:3
LH:3
BRF:0
BRH:0
end_of_record
TN:
SF:/home/travis/build/CoorpAcademy/components/packages/@coorpacademy-components/src/template/common/authors/index.js
FN:12,(anonymous_0)
FN:20,(anonymous_1)
FN:21,(anonymous_2)
FN:26,(anonymous_3)
FN:45,(anonymous_4)
FNF:5
FNH:3
FNDA:4,(anonymous_0)
FNDA:0,(anonymous_1)
FNDA:0,(anonymous_2)
FNDA:4,(anonymous_3)
FNDA:4,(anonymous_4)
DA:13,4
DA:14,4
DA:17,4
DA:21,0
DA:38,4
DA:40,4
DA:41,4
DA:42,4
DA:44,4
DA:46,4
DA:52,4
DA:58,4
DA:110,2
DA:114,2
LF:14
LH:13
BRDA:42,0,0,0
BRDA:42,0,1,4
BRDA:52,1,0,2
BRDA:52,1,1,2
BRDA:86,2,0,0
BRDA:86,2,1,4
BRF:6
BRH:4
end_of_record
TN:
SF:/home/travis/build/CoorpAcademy/components/packages/@coorpacademy-components/src/template/common/coorp-header/content.js
FN:3,(anonymous_0)
FN:6,(anonymous_1)
FNF:2
FNH:2
FNDA:4,(anonymous_0)
FNDA:60,(anonymous_1)
DA:3,2
DA:4,4
DA:6,60
DA:8,4
LF:4
LH:4
BRDA:4,0,0,0
BRDA:4,1,0,0
BRDA:4,2,0,0
BRF:3
BRH:0
end_of_record
TN:
SF:/home/travis/build/CoorpAcademy/components/packages/@coorpacademy-components/src/template/common/coorp-header/index.js
FN:6,(anonymous_0)
FNF:1
FNH:1
FNDA:4,(anonymous_0)
DA:6,2
DA:7,4
DA:9,4
DA:12,2
LF:4
LH:4
BRF:0
BRH:0
end_of_record
TN:
SF:/home/travis/build/CoorpAcademy/components/packages/@coorpacademy-components/src/template/common/dashboard/index.js
FN:9,(anonymous_0)
FN:12,(anonymous_1)
FN:28,(anonymous_2)
FNF:3
FNH:3
FNDA:4,(anonymous_0)
FNDA:20,(anonymous_1)
FNDA:20,(anonymous_2)
DA:9,2
DA:10,4
DA:12,4
DA:13,20
DA:14,20
DA:16,4
DA:18,8
DA:20,4
DA:22,4
DA:24,0
DA:28,4
DA:29,20
DA:31,20
DA:38,4
DA:40,4
DA:47,2
LF:16
LH:15
BRDA:10,0,0,0
BRDA:14,1,0,4
BRDA:14,1,1,8
BRDA:14,1,2,4
BRDA:14,1,3,4
BRDA:14,1,4,0
BRF:6
BRH:4
end_of_record
TN:
SF:/home/travis/build/CoorpAcademy/components/packages/@coorpacademy-components/src/template/common/discipline/index.js
FN:8,(anonymous_0)
FNF:1
FNH:1
FNDA:14,(anonymous_0)
DA:8,2
DA:23,14
DA:25,14
DA:54,2
LF:4
LH:4
BRDA:10,0,0,4
BRDA:15,1,0,4
BRDA:17,2,0,4
BRDA:18,3,0,4
BRF:4
BRH:4
end_of_record
TN:
SF:/home/travis/build/CoorpAcademy/components/packages/@coorpacademy-components/src/template/common/search-page/index.js
FN:11,(anonymous_0)
FNF:1
FNH:1
FNDA:4,(anonymous_0)
DA:11,2
DA:12,4
DA:14,4
DA:15,4
DA:17,4
DA:29,4
DA:40,2
DA:44,2
LF:8
LH:8
BRDA:17,0,0,2
BRDA:17,0,1,2
BRF:2
BRH:2
end_of_record
TN:
SF:/home/travis/build/CoorpAcademy/components/packages/@coorpacademy-components/src/util/bubbling.js
FN:1,(anonymous_0)
FNF:1
FNH:1
FNDA:1,(anonymous_0)
DA:1,8
LF:1
LH:1
BRF:0
BRH:0
end_of_record
TN:
SF:/home/travis/build/CoorpAcademy/components/packages/@coorpacademy-components/src/util/closest-step.js
FN:1,(anonymous_0)
FNF:1
FNH:1
FNDA:5,(anonymous_0)
DA:1,1
DA:2,5
DA:3,5
DA:4,5
DA:5,5
DA:7,5
DA:8,5
DA:10,5
DA:12,5
DA:13,4
DA:16,5
DA:18,5
DA:19,2
DA:21,2
DA:22,2
DA:23,1
DA:24,1
DA:25,1
DA:27,1
DA:28,1
DA:29,1
DA:34,5
LF:22
LH:22
BRDA:12,0,0,4
BRDA:12,0,1,1
BRDA:13,1,0,2
BRDA:13,1,1,2
BRDA:16,2,0,3
BRDA:16,2,1,2
BRDA:18,3,0,2
BRDA:18,3,1,3
BRDA:18,4,0,5
BRDA:18,4,1,4
BRDA:21,5,0,2
BRDA:21,5,1,0
BRDA:22,6,0,1
BRDA:22,6,1,1
BRF:14
BRH:13
end_of_record
TN:
SF:/home/travis/build/CoorpAcademy/components/packages/@coorpacademy-components/src/util/get-class-state.js
FN:1,(anonymous_0)
FNF:1
FNH:1
FNDA:27935,(anonymous_0)
DA:1,27
DA:8,27935
DA:9,121
DA:10,27814
DA:11,10
DA:13,27804
LF:6
LH:6
BRDA:5,0,0,0
BRDA:6,1,0,27814
BRDA:8,2,0,121
BRDA:8,2,1,27814
BRDA:10,3,0,10
BRDA:10,3,1,27804
BRF:6
BRH:5
end_of_record
TN:
SF:/home/travis/build/CoorpAcademy/components/packages/@coorpacademy-components/src/util/image.js
FN:4,(anonymous_0)
FN:7,(anonymous_1)
FNF:2
FNH:2
FNDA:11,(anonymous_0)
FNDA:15,(anonymous_1)
DA:4,3
DA:5,11
DA:7,11
DA:8,15
DA:10,15
DA:14,15
LF:6
LH:6
BRDA:11,0,0,6
BRDA:11,0,1,9
BRDA:14,1,0,6
BRDA:14,1,1,9
BRF:4
BRH:4
end_of_record
TN:
SF:/home/travis/build/CoorpAcademy/components/packages/@coorpacademy-components/src/util/list-components.js
FN:22,(anonymous_0)
FN:34,(anonymous_1)
FNF:2
FNH:2
FNDA:123,(anonymous_0)
FNDA:123,(anonymous_1)
DA:14,1
DA:16,1
DA:18,1
DA:23,123
DA:24,123
DA:25,123
DA:27,123
DA:34,123
LF:8
LH:8
BRF:0
BRH:0
end_of_record
TN:
SF:/home/travis/build/CoorpAcademy/components/packages/@coorpacademy-components/src/util/list-dependencies.js
FN:26,(anonymous_0)
FN:32,(anonymous_1)
FN:32,(anonymous_2)
FN:33,(anonymous_3)
FN:44,(anonymous_4)
FN:44,(anonymous_5)
FN:47,(anonymous_6)
FN:49,(anonymous_7)
FN:53,(anonymous_8)
FN:61,(anonymous_9)
FN:62,(anonymous_10)
FN:72,(anonymous_11)
FN:81,(anonymous_12)
FN:83,(anonymous_13)
FN:84,(anonymous_14)
FN:86,(anonymous_15)
FNF:16
FNH:16
FNDA:436133,(anonymous_0)
FNDA:2484582,(anonymous_1)
FNDA:2484582,(anonymous_2)
FNDA:2431584,(anonymous_3)
FNDA:438,(anonymous_4)
FNDA:438,(anonymous_5)
FNDA:5694,(anonymous_6)
FNDA:53874,(anonymous_7)
FNDA:53874,(anonymous_8)
FNDA:13,(anonymous_9)
FNDA:123,(anonymous_10)
FNDA:438,(anonymous_11)
FNDA:1,(anonymous_12)
FNDA:13,(anonymous_13)
FNDA:123,(anonymous_14)
FNDA:259,(anonymous_15)
DA:22,1
DA:24,1
DA:26,1
DA:27,436133
DA:28,436133
DA:29,436133
DA:32,2484582
DA:33,2484582
DA:34,2431584
DA:35,2431584
DA:36,2430708
DA:37,435695
DA:38,435695
DA:40,1995013
DA:44,438
DA:45,438
DA:46,438
DA:48,5694
DA:50,53874
DA:51,53874
DA:53,53874
DA:62,13
DA:63,123
DA:64,123
DA:70,123
DA:73,438
DA:82,1
DA:84,13
DA:85,123
DA:86,259
LF:30
LH:30
BRDA:35,0,0,876
BRDA:35,0,1,2430708
BRDA:36,1,0,435695
BRDA:36,1,1,1995013
BRDA:84,2,0,0
BRF:5
BRH:4
end_of_record
TN:
SF:/home/travis/build/CoorpAcademy/components/packages/@coorpacademy-components/src/util/list-fixtures.js
FN:20,(anonymous_0)
FN:24,(anonymous_1)
FN:38,(anonymous_2)
FNF:3
FNH:3
FNDA:438,(anonymous_0)
FNDA:438,(anonymous_1)
FNDA:438,(anonymous_2)
DA:14,1
DA:16,1
DA:18,1
DA:20,438
DA:25,438
DA:26,438
DA:27,438
DA:28,438
DA:30,438
DA:38,438
LF:10
LH:10
BRF:0
BRH:0
end_of_record
TN:
SF:/home/travis/build/CoorpAcademy/components/packages/@coorpacademy-components/src/util/navigation.js
FN:5,(anonymous_0)
FN:6,(anonymous_1)
FN:8,(anonymous_2)
FN:11,(anonymous_3)
FN:11,(anonymous_4)
FN:14,(anonymous_5)
FN:14,(anonymous_6)
FNF:7
FNH:7
FNDA:3,(anonymous_0)
FNDA:7,(anonymous_1)
FNDA:8,(anonymous_2)
FNDA:2,(anonymous_3)
FNDA:2,(anonymous_4)
FNDA:9,(anonymous_5)
FNDA:9,(anonymous_6)
DA:5,60
DA:6,60
DA:8,60
DA:9,8
DA:10,8
DA:11,2
DA:14,9
DA:15,9
DA:16,8
DA:18,1
DA:19,1
DA:20,1
LF:12
LH:12
BRDA:6,0,0,7
BRDA:6,0,1,6
BRDA:6,0,2,5
BRDA:6,0,3,4
BRDA:10,1,0,2
BRDA:10,1,1,6
BRDA:14,2,0,0
BRDA:15,3,0,8
BRDA:15,3,1,1
BRDA:15,4,0,9
BRDA:15,4,1,8
BRDA:15,4,2,7
BRDA:15,4,3,3
BRDA:18,5,0,0
BRDA:18,5,1,1
BRF:15
BRH:13
end_of_record
TN:
SF:/home/travis/build/CoorpAcademy/components/packages/@coorpacademy-components/src/util/parse-template-string.js
FN:5,parseTemplateString
FNF:1
FNH:1
FNDA:645,parseTemplateString
DA:3,6
DA:6,645
DA:7,2
DA:9,643
DA:10,643
DA:11,130
DA:13,513
LF:7
LH:7
BRDA:6,0,0,2
BRDA:6,0,1,643
BRDA:10,1,0,130
BRDA:10,1,1,513
BRDA:14,2,0,1
BRDA:14,2,1,512
BRF:6
BRH:6
end_of_record
TN:
SF:/home/travis/build/CoorpAcademy/components/packages/@coorpacademy-components/src/util/proptypes.js
FNF:0
FNH:0
DA:8,140
DA:9,140
DA:11,140
DA:12,140
DA:14,140
LF:5
LH:5
BRF:0
BRH:0
end_of_record
TN:
SF:/home/travis/build/CoorpAcademy/components/packages/@coorpacademy-components/src/util/shallow-compare.js
FN:8,(anonymous_0)
FNF:1
FNH:1
FNDA:4,(anonymous_0)
DA:8,1
DA:9,4
LF:2
LH:2
BRDA:10,0,0,4
BRDA:10,0,1,3
BRDA:10,0,2,2
BRF:3
BRH:3
end_of_record
TN:
SF:/home/travis/build/CoorpAcademy/components/packages/@coorpacademy-css-modules-require-hook/src/index.js
FN:17,(anonymous_0)
FN:21,(anonymous_1)
FNF:2
FNH:0
FNDA:0,(anonymous_0)
FNDA:0,(anonymous_1)
DA:4,0
DA:5,0
DA:7,0
DA:12,0
DA:17,0
DA:18,0
DA:21,0
DA:22,0
LF:8
LH:0
BRF:0
BRH:0
end_of_record
TN:
SF:/home/travis/build/CoorpAcademy/components/packages/@coorpacademy-history/src/history.js
FN:8,(anonymous_0)
FN:8,(anonymous_1)
FN:15,(anonymous_2)
FNF:3
FNH:3
FNDA:8,(anonymous_0)
FNDA:5,(anonymous_1)
FNDA:5,(anonymous_2)
DA:8,8
DA:9,5
DA:11,5
DA:13,5
DA:16,5
DA:17,5
DA:18,3
DA:23,1
DA:24,1
DA:25,1
LF:10
LH:10
BRDA:9,0,0,2
BRDA:9,1,0,5
BRDA:9,1,1,1
BRDA:17,2,0,2
BRDA:17,2,1,3
BRDA:17,3,0,5
BRDA:17,3,1,4
BRF:7
BRH:7
end_of_record
TN:
SF:/home/travis/build/CoorpAcademy/components/packages/@coorpacademy-progression-engine/src/check-answer-correctness.js
FN:28,checkFuzzyAnswer
FN:36,containsAnswer
FN:59,isTextCorrect
FN:72,(anonymous_3)
FN:76,matchAnswerForBasic
FN:83,(anonymous_5)
FN:91,matchAnswerForTemplate
FN:96,(anonymous_7)
FN:98,(anonymous_8)
FN:111,(anonymous_9)
FN:115,matchAnswerForUnorderedItems
FN:122,(anonymous_11)
FN:125,(anonymous_12)
FN:131,(anonymous_13)
FN:138,matchAnswerForOrderedItems
FN:143,(anonymous_15)
FN:145,(anonymous_16)
FN:154,(anonymous_17)
FN:156,matchGivenAnswerToQuestion
FN:189,checkAnswerCorrectness
FN:197,(anonymous_20)
FNF:21
FNH:21
FNDA:258,checkFuzzyAnswer
FNDA:186,containsAnswer
FNDA:258,isTextCorrect
FNDA:186,(anonymous_3)
FNDA:93,matchAnswerForBasic
FNDA:209,(anonymous_5)
FNDA:53,matchAnswerForTemplate
FNDA:85,(anonymous_7)
FNDA:165,(anonymous_8)
FNDA:5,(anonymous_9)
FNDA:73,matchAnswerForUnorderedItems
FNDA:207,(anonymous_11)
FNDA:381,(anonymous_12)
FNDA:319,(anonymous_13)
FNDA:51,matchAnswerForOrderedItems
FNDA:149,(anonymous_15)
FNDA:230,(anonymous_16)
FNDA:504,(anonymous_17)
FNDA:272,matchGivenAnswerToQuestion
FNDA:272,checkAnswerCorrectness
FNDA:422,(anonymous_20)
DA:29,258
DA:30,2
DA:33,256
DA:42,186
DA:44,141
DA:48,45
DA:49,45
DA:50,45
DA:51,45
DA:53,45
DA:65,258
DA:66,258
DA:67,258
DA:69,258
DA:72,186
DA:81,93
DA:83,209
DA:88,93
DA:96,85
DA:99,165
DA:109,53
DA:111,5
DA:112,53
DA:119,73
DA:122,73
DA:123,207
DA:124,207
DA:125,381
DA:131,319
DA:132,164
DA:134,43
DA:143,51
DA:145,149
DA:146,230
DA:154,504
DA:161,272
DA:162,272
DA:163,272
DA:165,93
DA:168,53
DA:171,28
DA:174,18
DA:177,54
DA:182,24
DA:185,2
DA:194,272
DA:195,272
DA:197,422
LF:48
LH:48
BRDA:29,0,0,2
BRDA:29,0,1,256
BRDA:29,1,0,258
BRDA:29,1,1,256
BRDA:42,2,0,141
BRDA:42,2,1,45
BRDA:54,3,0,45
BRDA:54,3,1,10
BRDA:54,3,2,5
BRDA:54,3,3,39
BRDA:54,3,4,9
BRDA:54,3,5,5
BRDA:66,4,0,26
BRDA:66,4,1,232
BRDA:66,5,0,232
BRDA:66,5,1,219
BRDA:70,6,0,258
BRDA:70,6,1,165
BRDA:70,6,2,144
BRDA:103,7,0,144
BRDA:103,7,1,21
BRDA:131,8,0,164
BRDA:131,8,1,43
BRDA:163,9,0,93
BRDA:163,9,1,53
BRDA:163,9,2,28
BRDA:163,9,3,18
BRDA:163,9,4,54
BRDA:163,9,5,24
BRDA:163,9,6,2
BRDA:177,10,0,27
BRDA:177,10,1,27
BRF:32
BRH:32
end_of_record
TN:
SF:/home/travis/build/CoorpAcademy/components/packages/@coorpacademy-progression-engine/src/check-answer.js
FN:5,checkAnswer
FNF:1
FNH:1
FNDA:32,checkAnswer
DA:10,32
LF:1
LH:1
BRF:0
BRH:0
end_of_record
TN:
SF:/home/travis/build/CoorpAcademy/components/packages/@coorpacademy-progression-engine/src/compute-next-step.js
FN:9,computeNextStep
FNF:1
FNH:1
FNDA:3,computeNextStep
DA:14,3
DA:16,3
DA:17,1
DA:24,2
DA:25,1
DA:31,1
DA:32,1
DA:35,1
LF:8
LH:8
BRDA:16,0,0,1
BRDA:16,0,1,2
BRDA:24,1,0,1
BRDA:24,1,1,1
BRF:4
BRH:4
end_of_record
TN:
SF:/home/travis/build/CoorpAcademy/components/packages/@coorpacademy-progression-engine/src/create-progression.js
FN:5,createProgression
FNF:1
FNH:1
FNDA:3,createProgression
DA:10,3
DA:12,2
DA:17,2
DA:32,2
LF:4
LH:4
BRF:0
BRH:0
end_of_record
TN:
SF:/home/travis/build/CoorpAcademy/components/packages/@coorpacademy-progression-engine/src/index.js
FNF:0
FNH:0
LF:0
LH:0
BRF:0
BRH:0
end_of_record
TN:
SF:/home/travis/build/CoorpAcademy/components/packages/@coorpacademy-progression-engine/src/types.js
FNF:0
FNH:0
LF:0
LH:0
BRF:0
BRH:0
end_of_record
TN:
SF:/home/travis/build/CoorpAcademy/components/packages/@coorpacademy-progression-engine/src/update-state.js
FN:29,isCorrect
FN:30,(anonymous_1)
FN:42,slides
FN:43,(anonymous_3)
FN:55,viewedResources
FN:58,(anonymous_5)
FN:93,requestedClues
FN:94,(anonymous_7)
FN:107,lives
FN:108,(anonymous_9)
FN:120,content
FN:121,(anonymous_11)
FN:133,nextContent
FN:134,(anonymous_13)
FN:146,step
FN:147,(anonymous_15)
FN:155,stars
FN:156,(anonymous_17)
FN:188,validate
FN:189,(anonymous_19)
FN:204,combineReducers
FN:208,(anonymous_21)
FN:209,(anonymous_22)
FN:209,(anonymous_23)
FN:211,(anonymous_24)
FN:216,(anonymous_25)
FN:217,(anonymous_26)
FN:218,(anonymous_27)
FN:234,updateState
FNF:29
FNH:29
FNDA:16,isCorrect
FNDA:16,(anonymous_1)
FNDA:16,slides
FNDA:16,(anonymous_3)
FNDA:16,viewedResources
FNDA:16,(anonymous_5)
FNDA:16,requestedClues
FNDA:16,(anonymous_7)
FNDA:16,lives
FNDA:16,(anonymous_9)
FNDA:16,content
FNDA:16,(anonymous_11)
FNDA:16,nextContent
FNDA:16,(anonymous_13)
FNDA:16,step
FNDA:16,(anonymous_15)
FNDA:16,stars
FNDA:16,(anonymous_17)
FNDA:145,validate
FNDA:145,(anonymous_19)
FNDA:2,combineReducers
FNDA:18,(anonymous_21)
FNDA:153,(anonymous_22)
FNDA:145,(anonymous_23)
FNDA:144,(anonymous_24)
FNDA:12,(anonymous_25)
FNDA:17,(anonymous_26)
FNDA:153,(anonymous_27)
FNDA:12,updateState
DA:30,16
DA:31,16
DA:33,3
DA:34,3
DA:37,13
DA:43,16
DA:44,16
DA:46,3
DA:47,3
DA:50,13
DA:58,16
DA:62,16
DA:64,8
DA:65,8
DA:66,8
DA:67,8
DA:69,8
DA:70,5
DA:77,3
DA:78,3
DA:80,3
DA:81,1
DA:88,8
DA:94,16
DA:95,16
DA:97,3
DA:98,3
DA:99,3
DA:102,13
DA:108,16
DA:109,16
DA:111,3
DA:112,3
DA:115,13
DA:121,16
DA:122,16
DA:124,3
DA:125,3
DA:128,13
DA:134,16
DA:135,16
DA:137,3
DA:138,3
DA:141,13
DA:147,16
DA:148,16
DA:156,16
DA:157,16
DA:159,3
DA:160,3
DA:165,3
DA:166,3
DA:167,3
DA:172,8
DA:173,8
DA:174,8
DA:177,8
DA:178,3
DA:180,5
DA:183,2
DA:189,145
DA:190,145
DA:192,28
DA:193,28
DA:194,1
DA:198,27
DA:208,2
DA:209,153
DA:210,145
DA:211,144
DA:212,144
DA:216,2
DA:217,12
DA:218,153
DA:222,2
DA:235,12
DA:236,12
DA:237,2
DA:239,10
LF:79
LH:79
BRDA:30,0,0,1
BRDA:31,1,0,3
BRDA:31,1,1,13
BRDA:43,2,0,1
BRDA:44,3,0,3
BRDA:44,3,1,13
BRDA:59,4,0,1
BRDA:62,5,0,8
BRDA:62,5,1,8
BRDA:69,6,0,5
BRDA:69,6,1,3
BRDA:80,7,0,2
BRDA:80,7,1,1
BRDA:94,8,0,1
BRDA:95,9,0,3
BRDA:95,9,1,13
BRDA:99,10,0,1
BRDA:99,10,1,2
BRDA:108,11,0,1
BRDA:109,12,0,3
BRDA:109,12,1,13
BRDA:112,13,0,2
BRDA:112,13,1,1
BRDA:122,14,0,3
BRDA:122,14,1,13
BRDA:135,15,0,3
BRDA:135,15,1,13
BRDA:156,16,0,1
BRDA:157,17,0,3
BRDA:157,17,1,3
BRDA:157,17,2,8
BRDA:157,17,3,2
BRDA:160,18,0,2
BRDA:160,18,1,1
BRDA:167,19,0,1
BRDA:167,19,1,2
BRDA:177,20,0,3
BRDA:177,20,1,5
BRDA:190,21,0,28
BRDA:193,22,0,1
BRDA:193,22,1,27
BRDA:236,23,0,2
BRDA:236,23,1,10
BRF:43
BRH:43
end_of_record
TN:
SF:/home/travis/build/CoorpAcademy/components/packages/@coorpacademy-progression-engine/src/util.js
FN:4,(anonymous_0)
FN:6,(anonymous_1)
FNF:2
FNH:2
FNDA:3,(anonymous_0)
FNDA:2,(anonymous_1)
DA:4,3
DA:6,2
DA:7,2
LF:3
LH:3
BRF:0
BRH:0
end_of_record
TN:
SF:/home/travis/build/CoorpAcademy/components/packages/@coorpacademy-progression-engine/src/config/index.js
FN:10,getEngineConfig
FNF:1
FNH:1
FNDA:290,getEngineConfig
DA:6,11
DA:11,290
DA:12,290
DA:13,1
DA:15,289
LF:5
LH:5
BRDA:12,0,0,1
BRDA:12,0,1,289
BRDA:16,1,0,289
BRDA:16,1,1,263
BRF:4
BRH:4
end_of_record
TN:
SF:/home/travis/build/CoorpAcademy/components/packages/@coorpacademy-progression-engine/src/config/microlearning.js
FNF:0
FNH:0
DA:4,12
DA:17,12
DA:30,12
LF:3
LH:3
BRDA:31,0,0,12
BRDA:31,0,1,0
BRF:2
BRH:1
end_of_record
TN:
SF:/home/travis/build/CoorpAcademy/components/packages/@coorpacademy-redux-history/src/index.js
FN:12,(anonymous_0)
FN:14,(anonymous_1)
FN:15,(anonymous_2)
FN:36,(anonymous_3)
FN:36,(anonymous_4)
FN:54,(anonymous_5)
FN:59,(anonymous_6)
FN:59,(anonymous_7)
FN:60,(anonymous_8)
FN:64,(anonymous_9)
FN:64,(anonymous_10)
FN:91,(anonymous_11)
FNF:12
FNH:12
FNDA:8,(anonymous_0)
FNDA:8,(anonymous_1)
FNDA:8,(anonymous_2)
FNDA:20,(anonymous_3)
FNDA:10,(anonymous_4)
FNDA:19,(anonymous_5)
FNDA:6,(anonymous_6)
FNDA:6,(anonymous_7)
FNDA:5,(anonymous_8)
FNDA:6,(anonymous_9)
FNDA:11,(anonymous_10)
FNDA:1,(anonymous_11)
DA:8,4
DA:9,4
DA:11,4
DA:12,8
DA:14,4
DA:15,8
DA:16,8
DA:17,2
DA:20,8
DA:28,4
DA:36,20
DA:37,10
DA:46,4
DA:47,4
DA:48,4
DA:49,4
DA:50,4
DA:52,4
DA:54,4
DA:55,19
DA:56,12
DA:59,6
DA:60,6
DA:61,5
DA:64,6
DA:65,11
DA:66,5
DA:68,5
DA:70,1
DA:71,1
DA:73,1
DA:74,1
DA:76,1
DA:77,1
DA:79,1
DA:80,1
DA:82,1
DA:83,1
DA:87,11
DA:91,4
DA:92,1
DA:93,1
LF:42
LH:42
BRDA:16,0,0,6
BRDA:16,0,1,2
BRDA:54,1,0,3
BRDA:55,2,0,7
BRDA:55,2,1,12
BRDA:65,3,0,5
BRDA:65,3,1,6
BRDA:68,4,0,1
BRDA:68,4,1,1
BRDA:68,4,2,1
BRDA:68,4,3,1
BRDA:68,4,4,1
BRF:12
BRH:12
end_of_record
TN:
SF:/home/travis/build/CoorpAcademy/components/packages/@coorpacademy-redux-router/src/index.js
FN:13,(anonymous_0)
FN:13,(anonymous_1)
FN:13,(anonymous_2)
FN:15,(anonymous_3)
FN:23,(anonymous_4)
FN:25,(anonymous_5)
FN:32,(anonymous_6)
FN:34,(anonymous_7)
FN:41,(anonymous_8)
FN:41,(anonymous_9)
FN:41,(anonymous_10)
FN:45,(anonymous_11)
FNF:12
FNH:12
FNDA:4,(anonymous_0)
FNDA:4,(anonymous_1)
FNDA:4,(anonymous_2)
FNDA:7,(anonymous_3)
FNDA:6,(anonymous_4)
FNDA:10,(anonymous_5)
FNDA:5,(anonymous_6)
FNDA:8,(anonymous_7)
FNDA:7,(anonymous_8)
FNDA:7,(anonymous_9)
FNDA:7,(anonymous_10)
FNDA:10,(anonymous_11)
DA:7,2
DA:13,4
DA:14,4
DA:15,7
DA:22,4
DA:23,4
DA:24,6
DA:25,10
DA:27,6
DA:28,6
DA:32,2
DA:33,5
DA:34,8
DA:41,7
DA:42,7
DA:44,6
DA:45,10
DA:46,6
DA:47,6
DA:48,6
DA:49,6
LF:21
LH:21
BRDA:13,0,0,3
BRDA:16,1,0,5
BRDA:16,1,1,2
BRDA:22,2,0,4
BRDA:35,3,0,6
BRDA:35,3,1,2
BRDA:42,4,0,1
BRDA:42,4,1,6
BRF:8
BRH:8
end_of_record
TN:
SF:/home/travis/build/CoorpAcademy/components/packages/@coorpacademy-translate/src/translate.js
FN:10,getTemplate
FN:24,(anonymous_1)
FN:24,(anonymous_2)
FN:32,(anonymous_3)
FN:40,mockTranslate
FNF:5
FNH:5
FNDA:18,getTemplate
FNDA:11,(anonymous_1)
FNDA:18,(anonymous_2)
FNDA:14,(anonymous_3)
FNDA:2,mockTranslate
DA:8,2
DA:11,18
DA:12,18
DA:13,7
DA:15,11
DA:16,2
DA:18,9
DA:19,2
DA:21,7
DA:24,11
DA:25,18
DA:26,18
DA:27,2
DA:30,16
DA:33,14
DA:34,14
DA:41,2
DA:42,1
DA:44,1
LF:19
LH:19
BRDA:12,0,0,7
BRDA:12,0,1,11
BRDA:15,1,0,2
BRDA:15,1,1,9
BRDA:16,2,0,2
BRDA:16,2,1,1
BRDA:18,3,0,2
BRDA:18,3,1,7
BRDA:18,4,0,9
BRDA:18,4,1,8
BRDA:21,5,0,7
BRDA:21,5,1,1
BRDA:26,6,0,2
BRDA:26,6,1,16
BRDA:34,7,0,13
BRDA:34,7,1,1
BRDA:41,8,0,1
BRDA:41,8,1,1
BRF:18
BRH:18
end_of_record
TN:
SF:/home/travis/build/CoorpAcademy/components/packages/@coorpacademy-treantjs-adapter-angular/src/index.js
FN:5,(anonymous_0)
FN:7,(anonymous_1)
FN:7,(anonymous_2)
FN:8,(anonymous_3)
FN:12,(anonymous_4)
FN:22,(anonymous_5)
FN:23,(anonymous_6)
FN:25,(anonymous_7)
FN:28,(anonymous_8)
FN:29,(anonymous_9)
FN:48,(anonymous_10)
FN:49,(anonymous_11)
FNF:12
FNH:12
FNDA:4,(anonymous_0)
FNDA:4,(anonymous_1)
FNDA:4,(anonymous_2)
FNDA:8,(anonymous_3)
FNDA:8,(anonymous_4)
FNDA:4,(anonymous_5)
FNDA:4,(anonymous_6)
FNDA:4,(anonymous_7)
FNDA:4,(anonymous_8)
FNDA:4,(anonymous_9)
FNDA:4,(anonymous_10)
FNDA:4,(anonymous_11)
DA:5,4
DA:7,4
DA:8,4
DA:9,8
DA:12,4
DA:14,8
DA:19,8
DA:22,4
DA:23,4
DA:25,4
DA:28,1
DA:29,4
DA:30,4
DA:40,4
DA:48,1
DA:49,4
DA:50,4
DA:51,4
DA:52,4
DA:55,4
LF:20
LH:20
BRDA:12,0,0,6
BRDA:12,1,0,6
BRDA:52,2,0,4
BRDA:52,2,1,2
BRF:4
BRH:4
end_of_record
TN:
SF:/home/travis/build/CoorpAcademy/components/packages/@coorpacademy-treantjs-adapter-dust/src/index.js
FN:7,(anonymous_0)
FN:9,(anonymous_1)
FN:10,(anonymous_2)
FN:11,(anonymous_3)
FN:12,(anonymous_4)
FNF:5
FNH:5
FNDA:2,(anonymous_0)
FNDA:4,(anonymous_1)
FNDA:4,(anonymous_2)
FNDA:4,(anonymous_3)
FNDA:4,(anonymous_4)
DA:7,2
DA:9,1
DA:10,4
DA:11,4
DA:12,4
DA:13,4
DA:14,4
DA:16,4
DA:20,4
DA:25,4
LF:10
LH:10
BRDA:9,0,0,2
BRDA:14,1,0,1
BRDA:14,1,1,3
BRF:3
BRH:3
end_of_record
TN:
SF:/home/travis/build/CoorpAcademy/components/packages/@coorpacademy-webpack-config/src/index.js
FN:14,(anonymous_0)
FN:87,(anonymous_1)
FNF:2
FNH:2
FNDA:2,(anonymous_0)
FNDA:2,(anonymous_1)
DA:8,1
DA:9,1
DA:14,2
DA:88,2
DA:105,2
DA:106,1
DA:129,2
LF:7
LH:7
BRDA:14,0,0,1
BRDA:14,1,0,2
BRDA:15,2,0,1
BRDA:15,2,1,1
BRDA:105,3,0,1
BRDA:105,3,1,1
BRF:6
BRH:6
end_of_record
